# JRE version: Java(TM) SE Runtime Environment (17.0.12+8) (build 17.0.12+8-LTS-286)
# Java VM: Java HotSpot(TM) 64-Bit Server VM (17.0.12+8-LTS-286, mixed mode, sharing, tiered, compressed oops, compressed class ptrs, serial gc, windows-amd64)
GC Precious Log:
 CPUs: 12 total, 12 available
 Memory: 7521M
 Large Page Support: Disabled
 NUMA Support: Disabled
 Compressed Oops: Enabled (32-bit)
 Heap Min Capacity: 8M
 Heap Initial Capacity: 118M
 Heap Max Capacity: 1G
 Pre-touch: Disabled
Heap:
 def new generation   total 248000K, used 170806K [0x00000000c0000000, 0x00000000d0d10000, 0x00000000d5550000)
  eden space 220480K,  67% used [0x00000000c0000000, 0x00000000c90baab8, 0x00000000cd750000)
  from space 27520K,  82% used [0x00000000cd750000, 0x00000000ced630a0, 0x00000000cf230000)
  to   space 27520K,   0% used [0x00000000cf230000, 0x00000000cf230000, 0x00000000d0d10000)
 tenured generation   total 596332K, used 559778K [0x00000000d5550000, 0x00000000f9bab000, 0x0000000100000000)
   the space 596332K,  93% used [0x00000000d5550000, 0x00000000f77f8b30, 0x00000000f77f8c00, 0x00000000f9bab000)
 Metaspace       used 110394K, committed 111360K, reserved 1179648K
  class space    used 15626K, committed 16128K, reserved 1048576K
GC Heap History (20 events):
Event: 49.378 GC heap before
{Heap before GC invocations=58 (full 9):
 def new generation   total 239552K, used 212992K [0x00000000c0000000, 0x00000000d03e0000, 0x00000000d5550000)
  eden space 212992K, 100% used [0x00000000c0000000, 0x00000000cd000000, 0x00000000cd000000)
  from space 26560K,   0% used [0x00000000cd000000, 0x00000000cd000000, 0x00000000ce9f0000)
  to   space 26560K,   0% used [0x00000000ce9f0000, 0x00000000ce9f0000, 0x00000000d03e0000)
 tenured generation   total 531720K, used 482109K [0x00000000d5550000, 0x00000000f5c92000, 0x0000000100000000)
   the space 531720K,  90% used [0x00000000d5550000, 0x00000000f2c1f438, 0x00000000f2c1f600, 0x00000000f5c92000)
 Metaspace       used 108937K, committed 109824K, reserved 1179648K
  class space    used 15430K, committed 15872K, reserved 1048576K
}
Event: 49.446 GC heap after
{Heap after GC invocations=59 (full 9):
 def new generation   total 239552K, used 22112K [0x00000000c0000000, 0x00000000d03e0000, 0x00000000d5550000)
  eden space 212992K,   0% used [0x00000000c0000000, 0x00000000c0000000, 0x00000000cd000000)
  from space 26560K,  83% used [0x00000000ce9f0000, 0x00000000cff88038, 0x00000000d03e0000)
  to   space 26560K,   0% used [0x00000000cd000000, 0x00000000cd000000, 0x00000000ce9f0000)
 tenured generation   total 531720K, used 482109K [0x00000000d5550000, 0x00000000f5c92000, 0x0000000100000000)
   the space 531720K,  90% used [0x00000000d5550000, 0x00000000f2c1f438, 0x00000000f2c1f600, 0x00000000f5c92000)
 Metaspace       used 108937K, committed 109824K, reserved 1179648K
  class space    used 15430K, committed 15872K, reserved 1048576K
}
Event: 50.561 GC heap before
{Heap before GC invocations=59 (full 9):
 def new generation   total 239552K, used 235104K [0x00000000c0000000, 0x00000000d03e0000, 0x00000000d5550000)
  eden space 212992K, 100% used [0x00000000c0000000, 0x00000000cd000000, 0x00000000cd000000)
  from space 26560K,  83% used [0x00000000ce9f0000, 0x00000000cff88038, 0x00000000d03e0000)
  to   space 26560K,   0% used [0x00000000cd000000, 0x00000000cd000000, 0x00000000ce9f0000)
 tenured generation   total 531720K, used 482109K [0x00000000d5550000, 0x00000000f5c92000, 0x0000000100000000)
   the space 531720K,  90% used [0x00000000d5550000, 0x00000000f2c1f438, 0x00000000f2c1f600, 0x00000000f5c92000)
 Metaspace       used 109001K, committed 109888K, reserved 1179648K
  class space    used 15435K, committed 15872K, reserved 1048576K
}
Event: 50.624 GC heap after
{Heap after GC invocations=60 (full 9):
 def new generation   total 239552K, used 17243K [0x00000000c0000000, 0x00000000d03e0000, 0x00000000d5550000)
  eden space 212992K,   0% used [0x00000000c0000000, 0x00000000c0000000, 0x00000000cd000000)
  from space 26560K,  64% used [0x00000000cd000000, 0x00000000ce0d6d40, 0x00000000ce9f0000)
  to   space 26560K,   0% used [0x00000000ce9f0000, 0x00000000ce9f0000, 0x00000000d03e0000)
 tenured generation   total 531720K, used 498400K [0x00000000d5550000, 0x00000000f5c92000, 0x0000000100000000)
   the space 531720K,  93% used [0x00000000d5550000, 0x00000000f3c08258, 0x00000000f3c08400, 0x00000000f5c92000)
 Metaspace       used 109001K, committed 109888K, reserved 1179648K
  class space    used 15435K, committed 15872K, reserved 1048576K
}
Event: 51.413 GC heap before
{Heap before GC invocations=60 (full 9):
 def new generation   total 239552K, used 230235K [0x00000000c0000000, 0x00000000d03e0000, 0x00000000d5550000)
  eden space 212992K, 100% used [0x00000000c0000000, 0x00000000cd000000, 0x00000000cd000000)
  from space 26560K,  64% used [0x00000000cd000000, 0x00000000ce0d6d40, 0x00000000ce9f0000)
  to   space 26560K,   0% used [0x00000000ce9f0000, 0x00000000ce9f0000, 0x00000000d03e0000)
 tenured generation   total 531720K, used 498400K [0x00000000d5550000, 0x00000000f5c92000, 0x0000000100000000)
   the space 531720K,  93% used [0x00000000d5550000, 0x00000000f3c08258, 0x00000000f3c08400, 0x00000000f5c92000)
 Metaspace       used 109369K, committed 110336K, reserved 1179648K
  class space    used 15492K, committed 15936K, reserved 1048576K
}
Event: 51.463 GC heap after
{Heap after GC invocations=61 (full 9):
 def new generation   total 239552K, used 25093K [0x00000000c0000000, 0x00000000d03e0000, 0x00000000d5550000)
  eden space 212992K,   0% used [0x00000000c0000000, 0x00000000c0000000, 0x00000000cd000000)
  from space 26560K,  94% used [0x00000000ce9f0000, 0x00000000d02716a0, 0x00000000d03e0000)
  to   space 26560K,   0% used [0x00000000cd000000, 0x00000000cd000000, 0x00000000ce9f0000)
 tenured generation   total 531720K, used 512656K [0x00000000d5550000, 0x00000000f5c92000, 0x0000000100000000)
   the space 531720K,  96% used [0x00000000d5550000, 0x00000000f49f4070, 0x00000000f49f4200, 0x00000000f5c92000)
 Metaspace       used 109369K, committed 110336K, reserved 1179648K
  class space    used 15492K, committed 15936K, reserved 1048576K
}
Event: 51.996 GC heap before
{Heap before GC invocations=61 (full 9):
 def new generation   total 239552K, used 238085K [0x00000000c0000000, 0x00000000d03e0000, 0x00000000d5550000)
  eden space 212992K, 100% used [0x00000000c0000000, 0x00000000cd000000, 0x00000000cd000000)
  from space 26560K,  94% used [0x00000000ce9f0000, 0x00000000d02716a0, 0x00000000d03e0000)
  to   space 26560K,   0% used [0x00000000cd000000, 0x00000000cd000000, 0x00000000ce9f0000)
 tenured generation   total 531720K, used 512656K [0x00000000d5550000, 0x00000000f5c92000, 0x0000000100000000)
   the space 531720K,  96% used [0x00000000d5550000, 0x00000000f49f4070, 0x00000000f49f4200, 0x00000000f5c92000)
 Metaspace       used 109373K, committed 110336K, reserved 1179648K
  class space    used 15492K, committed 15936K, reserved 1048576K
}
Event: 52.037 GC heap after
{Heap after GC invocations=62 (full 9):
 def new generation   total 239552K, used 15515K [0x00000000c0000000, 0x00000000d03e0000, 0x00000000d5550000)
  eden space 212992K,   0% used [0x00000000c0000000, 0x00000000c0000000, 0x00000000cd000000)
  from space 26560K,  58% used [0x00000000cd000000, 0x00000000cdf26f48, 0x00000000ce9f0000)
  to   space 26560K,   0% used [0x00000000ce9f0000, 0x00000000ce9f0000, 0x00000000d03e0000)
 tenured generation   total 537824K, used 537721K [0x00000000d5550000, 0x00000000f6288000, 0x0000000100000000)
   the space 537824K,  99% used [0x00000000d5550000, 0x00000000f626e4f8, 0x00000000f626e600, 0x00000000f6288000)
 Metaspace       used 109373K, committed 110336K, reserved 1179648K
  class space    used 15492K, committed 15936K, reserved 1048576K
}
Event: 52.037 GC heap before
{Heap before GC invocations=62 (full 9):
 def new generation   total 239552K, used 15515K [0x00000000c0000000, 0x00000000d03e0000, 0x00000000d5550000)
  eden space 212992K,   0% used [0x00000000c0000000, 0x00000000c0000000, 0x00000000cd000000)
  from space 26560K,  58% used [0x00000000cd000000, 0x00000000cdf26f48, 0x00000000ce9f0000)
  to   space 26560K,   0% used [0x00000000ce9f0000, 0x00000000ce9f0000, 0x00000000d03e0000)
 tenured generation   total 537824K, used 537721K [0x00000000d5550000, 0x00000000f6288000, 0x0000000100000000)
   the space 537824K,  99% used [0x00000000d5550000, 0x00000000f626e4f8, 0x00000000f626e600, 0x00000000f6288000)
 Metaspace       used 109373K, committed 110336K, reserved 1179648K
  class space    used 15492K, committed 15936K, reserved 1048576K
}
Event: 54.974 GC heap after
{Heap after GC invocations=62 (full 10):
 def new generation   total 242240K, used 0K [0x00000000c0000000, 0x00000000d06d0000, 0x00000000d5550000)
  eden space 215360K,   0% used [0x00000000c0000000, 0x00000000c0000000, 0x00000000cd250000)
  from space 26880K,   0% used [0x00000000cd250000, 0x00000000cd250000, 0x00000000cec90000)
  to   space 26880K,   0% used [0x00000000cec90000, 0x00000000cec90000, 0x00000000d06d0000)
 tenured generation   total 537824K, used 534057K [0x00000000d5550000, 0x00000000f6288000, 0x0000000100000000)
   the space 537824K,  99% used [0x00000000d5550000, 0x00000000f5eda420, 0x00000000f5eda600, 0x00000000f6288000)
 Metaspace       used 109373K, committed 110336K, reserved 1179648K
  class space    used 15492K, committed 15936K, reserved 1048576K
}
Event: 55.666 GC heap before
{Heap before GC invocations=62 (full 10):
 def new generation   total 242240K, used 215360K [0x00000000c0000000, 0x00000000d06d0000, 0x00000000d5550000)
  eden space 215360K, 100% used [0x00000000c0000000, 0x00000000cd250000, 0x00000000cd250000)
  from space 26880K,   0% used [0x00000000cd250000, 0x00000000cd250000, 0x00000000cec90000)
  to   space 26880K,   0% used [0x00000000cec90000, 0x00000000cec90000, 0x00000000d06d0000)
 tenured generation   total 537824K, used 534057K [0x00000000d5550000, 0x00000000f6288000, 0x0000000100000000)
   the space 537824K,  99% used [0x00000000d5550000, 0x00000000f5eda420, 0x00000000f5eda600, 0x00000000f6288000)
 Metaspace       used 109865K, committed 110784K, reserved 1179648K
  class space    used 15533K, committed 16000K, reserved 1048576K
}
Event: 55.726 GC heap after
{Heap after GC invocations=63 (full 10):
 def new generation   total 242240K, used 26879K [0x00000000c0000000, 0x00000000d06d0000, 0x00000000d5550000)
  eden space 215360K,   0% used [0x00000000c0000000, 0x00000000c0000000, 0x00000000cd250000)
  from space 26880K,  99% used [0x00000000cec90000, 0x00000000d06cfff8, 0x00000000d06d0000)
  to   space 26880K,   0% used [0x00000000cd250000, 0x00000000cd250000, 0x00000000cec90000)
 tenured generation   total 550636K, used 550532K [0x00000000d5550000, 0x00000000f6f0b000, 0x0000000100000000)
   the space 550636K,  99% used [0x00000000d5550000, 0x00000000f6ef11a8, 0x00000000f6ef1200, 0x00000000f6f0b000)
 Metaspace       used 109865K, committed 110784K, reserved 1179648K
  class space    used 15533K, committed 16000K, reserved 1048576K
}
Event: 55.726 GC heap before
{Heap before GC invocations=63 (full 10):
 def new generation   total 242240K, used 26879K [0x00000000c0000000, 0x00000000d06d0000, 0x00000000d5550000)
  eden space 215360K,   0% used [0x00000000c0000000, 0x00000000c0000000, 0x00000000cd250000)
  from space 26880K,  99% used [0x00000000cec90000, 0x00000000d06cfff8, 0x00000000d06d0000)
  to   space 26880K,   0% used [0x00000000cd250000, 0x00000000cd250000, 0x00000000cec90000)
 tenured generation   total 550636K, used 550532K [0x00000000d5550000, 0x00000000f6f0b000, 0x0000000100000000)
   the space 550636K,  99% used [0x00000000d5550000, 0x00000000f6ef11a8, 0x00000000f6ef1200, 0x00000000f6f0b000)
 Metaspace       used 109865K, committed 110784K, reserved 1179648K
  class space    used 15533K, committed 16000K, reserved 1048576K
}
Event: 58.796 GC heap after
{Heap after GC invocations=63 (full 11):
 def new generation   total 248000K, used 16826K [0x00000000c0000000, 0x00000000d0d10000, 0x00000000d5550000)
  eden space 220480K,   7% used [0x00000000c0000000, 0x00000000c106ea70, 0x00000000cd750000)
  from space 27520K,   0% used [0x00000000cd750000, 0x00000000cd750000, 0x00000000cf230000)
  to   space 27520K,   0% used [0x00000000cf230000, 0x00000000cf230000, 0x00000000d0d10000)
 tenured generation   total 550636K, used 550612K [0x00000000d5550000, 0x00000000f6f0b000, 0x0000000100000000)
   the space 550636K,  99% used [0x00000000d5550000, 0x00000000f6f052d8, 0x00000000f6f05400, 0x00000000f6f0b000)
 Metaspace       used 109865K, committed 110784K, reserved 1179648K
  class space    used 15533K, committed 16000K, reserved 1048576K
}
Event: 59.110 GC heap before
{Heap before GC invocations=63 (full 11):
 def new generation   total 248000K, used 206163K [0x00000000c0000000, 0x00000000d0d10000, 0x00000000d5550000)
  eden space 220480K,  93% used [0x00000000c0000000, 0x00000000cc954c10, 0x00000000cd750000)
  from space 27520K,   0% used [0x00000000cd750000, 0x00000000cd750000, 0x00000000cf230000)
  to   space 27520K,   0% used [0x00000000cf230000, 0x00000000cf230000, 0x00000000d0d10000)
 tenured generation   total 550636K, used 550612K [0x00000000d5550000, 0x00000000f6f0b000, 0x0000000100000000)
   the space 550636K,  99% used [0x00000000d5550000, 0x00000000f6f052d8, 0x00000000f6f05400, 0x00000000f6f0b000)
 Metaspace       used 109978K, committed 110912K, reserved 1179648K
  class space    used 15553K, committed 16000K, reserved 1048576K
}
Event: 60.267 GC heap after
{Heap after GC invocations=64 (full 11):
 def new generation   total 248000K, used 25792K [0x00000000c0000000, 0x00000000d0d10000, 0x00000000d5550000)
  eden space 220480K,   0% used [0x00000000c0000000, 0x00000000c0000000, 0x00000000cd750000)
  from space 27520K,  93% used [0x00000000cf230000, 0x00000000d0b600b0, 0x00000000d0d10000)
  to   space 27520K,   0% used [0x00000000cd750000, 0x00000000cd750000, 0x00000000cf230000)
 tenured generation   total 596332K, used 596274K [0x00000000d5550000, 0x00000000f9bab000, 0x0000000100000000)
   the space 596332K,  99% used [0x00000000d5550000, 0x00000000f9b9c860, 0x00000000f9b9ca00, 0x00000000f9bab000)
 Metaspace       used 109978K, committed 110912K, reserved 1179648K
  class space    used 15553K, committed 16000K, reserved 1048576K
}
Event: 60.267 GC heap before
{Heap before GC invocations=64 (full 11):
 def new generation   total 248000K, used 25792K [0x00000000c0000000, 0x00000000d0d10000, 0x00000000d5550000)
  eden space 220480K,   0% used [0x00000000c0000000, 0x00000000c0000000, 0x00000000cd750000)
  from space 27520K,  93% used [0x00000000cf230000, 0x00000000d0b600b0, 0x00000000d0d10000)
  to   space 27520K,   0% used [0x00000000cd750000, 0x00000000cd750000, 0x00000000cf230000)
 tenured generation   total 596332K, used 596274K [0x00000000d5550000, 0x00000000f9bab000, 0x0000000100000000)
   the space 596332K,  99% used [0x00000000d5550000, 0x00000000f9b9c860, 0x00000000f9b9ca00, 0x00000000f9bab000)
 Metaspace       used 109978K, committed 110912K, reserved 1179648K
  class space    used 15553K, committed 16000K, reserved 1048576K
}
Event: 65.462 GC heap after
{Heap after GC invocations=64 (full 12):
 def new generation   total 248000K, used 0K [0x00000000c0000000, 0x00000000d0d10000, 0x00000000d5550000)
  eden space 220480K,   0% used [0x00000000c0000000, 0x00000000c0000000, 0x00000000cd750000)
  from space 27520K,   0% used [0x00000000cf230000, 0x00000000cf230000, 0x00000000d0d10000)
  to   space 27520K,   0% used [0x00000000cd750000, 0x00000000cd750000, 0x00000000cf230000)
 tenured generation   total 596332K, used 559778K [0x00000000d5550000, 0x00000000f9bab000, 0x0000000100000000)
   the space 596332K,  93% used [0x00000000d5550000, 0x00000000f77f8b30, 0x00000000f77f8c00, 0x00000000f9bab000)
 Metaspace       used 109978K, committed 110912K, reserved 1179648K
  class space    used 15553K, committed 16000K, reserved 1048576K
}
Event: 66.705 GC heap before
{Heap before GC invocations=64 (full 12):
 def new generation   total 248000K, used 220480K [0x00000000c0000000, 0x00000000d0d10000, 0x00000000d5550000)
  eden space 220480K, 100% used [0x00000000c0000000, 0x00000000cd750000, 0x00000000cd750000)
  from space 27520K,   0% used [0x00000000cf230000, 0x00000000cf230000, 0x00000000d0d10000)
  to   space 27520K,   0% used [0x00000000cd750000, 0x00000000cd750000, 0x00000000cf230000)
 tenured generation   total 596332K, used 559778K [0x00000000d5550000, 0x00000000f9bab000, 0x0000000100000000)
   the space 596332K,  93% used [0x00000000d5550000, 0x00000000f77f8b30, 0x00000000f77f8c00, 0x00000000f9bab000)
 Metaspace       used 109991K, committed 110912K, reserved 1179648K
  class space    used 15553K, committed 16000K, reserved 1048576K
}
Event: 66.726 GC heap after
{Heap after GC invocations=65 (full 12):
 def new generation   total 248000K, used 22604K [0x00000000c0000000, 0x00000000d0d10000, 0x00000000d5550000)
  eden space 220480K,   0% used [0x00000000c0000000, 0x00000000c0000000, 0x00000000cd750000)
  from space 27520K,  82% used [0x00000000cd750000, 0x00000000ced630a0, 0x00000000cf230000)
  to   space 27520K,   0% used [0x00000000cf230000, 0x00000000cf230000, 0x00000000d0d10000)
 tenured generation   total 596332K, used 559778K [0x00000000d5550000, 0x00000000f9bab000, 0x0000000100000000)
   the space 596332K,  93% used [0x00000000d5550000, 0x00000000f77f8b30, 0x00000000f77f8c00, 0x00000000f9bab000)
 Metaspace       used 109991K, committed 110912K, reserved 1179648K
  class space    used 15553K, committed 16000K, reserved 1048576K
}

