# JRE version: OpenJDK Runtime Environment (21.0.8) (build 21.0.8+-14196175-b1038.72)
# Java VM: OpenJDK 64-Bit Server VM (21.0.8+-14196175-b1038.72, mixed mode, tiered, compressed oops, compressed class ptrs, g1 gc, windows-amd64)
GC Precious Log:
 CardTable entry size: 512
 Card Set container configuration: InlinePtr #cards 4 size 8 Array Of Cards #cards 16 size 48 Howl #buckets 8 coarsen threshold 3686 Howl Bitmap #cards 512 size 80 coarsen threshold 460 Card regions per heap region 1 cards per card region 4096
 CPUs: 12 total, 12 available
 Memory: 7521M
 Large Page Support: Disabled
 NUMA Support: Disabled
 Compressed Oops: Enabled (Zero based)
 Heap Region Size: 2M
 Heap Min Capacity: 8M
 Heap Initial Capacity: 118M
 Heap Max Capacity: 4G
 Pre-touch: Disabled
 Parallel Workers: 10
 Concurrent Workers: 3
 Concurrent Refinement Workers: 10
 Periodic GC: Disabled
Heap:
 garbage-first heap   total 925696K, used 599914K [0x0000000700000000, 0x0000000800000000)
  region size 2048K, 1 young (2048K), 1 survivors (2048K)
 Metaspace       used 144181K, committed 146560K, reserved 1179648K
  class space    used 20338K, committed 21504K, reserved 1048576K
GC Heap History (20 events):
Event: 40.514 GC heap after
{Heap after GC invocations=89 (full 0):
 garbage-first heap   total 684032K, used 345410K [0x0000000700000000, 0x0000000800000000)
  region size 2048K, 9 young (18432K), 9 survivors (18432K)
 Metaspace       used 142090K, committed 144384K, reserved 1179648K
  class space    used 20052K, committed 21184K, reserved 1048576K
}
Event: 42.091 GC heap before
{Heap before GC invocations=90 (full 0):
 garbage-first heap   total 684032K, used 595266K [0x0000000700000000, 0x0000000800000000)
  region size 2048K, 131 young (268288K), 9 survivors (18432K)
 Metaspace       used 143206K, committed 145536K, reserved 1179648K
  class space    used 20202K, committed 21376K, reserved 1048576K
}
Event: 42.135 GC heap after
{Heap after GC invocations=91 (full 0):
 garbage-first heap   total 684032K, used 399952K [0x0000000700000000, 0x0000000800000000)
  region size 2048K, 17 young (34816K), 17 survivors (34816K)
 Metaspace       used 143206K, committed 145536K, reserved 1179648K
  class space    used 20202K, committed 21376K, reserved 1048576K
}
Event: 42.469 GC heap before
{Heap before GC invocations=91 (full 0):
 garbage-first heap   total 684032K, used 590416K [0x0000000700000000, 0x0000000800000000)
  region size 2048K, 109 young (223232K), 17 survivors (34816K)
 Metaspace       used 143643K, committed 145984K, reserved 1179648K
  class space    used 20246K, committed 21376K, reserved 1048576K
}
Event: 42.521 GC heap after
{Heap after GC invocations=92 (full 0):
 garbage-first heap   total 684032K, used 440320K [0x0000000700000000, 0x0000000800000000)
  region size 2048K, 14 young (28672K), 14 survivors (28672K)
 Metaspace       used 143643K, committed 145984K, reserved 1179648K
  class space    used 20246K, committed 21376K, reserved 1048576K
}
Event: 42.541 GC heap before
{Heap before GC invocations=92 (full 0):
 garbage-first heap   total 684032K, used 442368K [0x0000000700000000, 0x0000000800000000)
  region size 2048K, 16 young (32768K), 14 survivors (28672K)
 Metaspace       used 143664K, committed 145984K, reserved 1179648K
  class space    used 20247K, committed 21376K, reserved 1048576K
}
Event: 42.558 GC heap after
{Heap after GC invocations=93 (full 0):
 garbage-first heap   total 684032K, used 450570K [0x0000000700000000, 0x0000000800000000)
  region size 2048K, 3 young (6144K), 3 survivors (6144K)
 Metaspace       used 143664K, committed 145984K, reserved 1179648K
  class space    used 20247K, committed 21376K, reserved 1048576K
}
Event: 43.482 GC heap before
{Heap before GC invocations=94 (full 0):
 garbage-first heap   total 761856K, used 616458K [0x0000000700000000, 0x0000000800000000)
  region size 2048K, 82 young (167936K), 3 survivors (6144K)
 Metaspace       used 143877K, committed 146176K, reserved 1179648K
  class space    used 20290K, committed 21440K, reserved 1048576K
}
Event: 43.513 GC heap after
{Heap after GC invocations=95 (full 0):
 garbage-first heap   total 761856K, used 483984K [0x0000000700000000, 0x0000000800000000)
  region size 2048K, 11 young (22528K), 11 survivors (22528K)
 Metaspace       used 143877K, committed 146176K, reserved 1179648K
  class space    used 20290K, committed 21440K, reserved 1048576K
}
Event: 47.382 GC heap before
{Heap before GC invocations=95 (full 0):
 garbage-first heap   total 761856K, used 672400K [0x0000000700000000, 0x0000000800000000)
  region size 2048K, 103 young (210944K), 11 survivors (22528K)
 Metaspace       used 143913K, committed 146240K, reserved 1179648K
  class space    used 20296K, committed 21440K, reserved 1048576K
}
Event: 47.418 GC heap after
{Heap after GC invocations=96 (full 0):
 garbage-first heap   total 761856K, used 518855K [0x0000000700000000, 0x0000000800000000)
  region size 2048K, 13 young (26624K), 13 survivors (26624K)
 Metaspace       used 143913K, committed 146240K, reserved 1179648K
  class space    used 20296K, committed 21440K, reserved 1048576K
}
Event: 47.685 GC heap before
{Heap before GC invocations=96 (full 0):
 garbage-first heap   total 761856K, used 680647K [0x0000000700000000, 0x0000000800000000)
  region size 2048K, 92 young (188416K), 13 survivors (26624K)
 Metaspace       used 143913K, committed 146240K, reserved 1179648K
  class space    used 20296K, committed 21440K, reserved 1048576K
}
Event: 47.714 GC heap after
{Heap after GC invocations=97 (full 0):
 garbage-first heap   total 761856K, used 557765K [0x0000000700000000, 0x0000000800000000)
  region size 2048K, 12 young (24576K), 12 survivors (24576K)
 Metaspace       used 143913K, committed 146240K, reserved 1179648K
  class space    used 20296K, committed 21440K, reserved 1048576K
}
Event: 47.991 GC heap before
{Heap before GC invocations=97 (full 0):
 garbage-first heap   total 925696K, used 682693K [0x0000000700000000, 0x0000000800000000)
  region size 2048K, 75 young (153600K), 12 survivors (24576K)
 Metaspace       used 143913K, committed 146240K, reserved 1179648K
  class space    used 20296K, committed 21440K, reserved 1048576K
}
Event: 48.018 GC heap after
{Heap after GC invocations=98 (full 0):
 garbage-first heap   total 925696K, used 585156K [0x0000000700000000, 0x0000000800000000)
  region size 2048K, 10 young (20480K), 10 survivors (20480K)
 Metaspace       used 143913K, committed 146240K, reserved 1179648K
  class space    used 20296K, committed 21440K, reserved 1048576K
}
Event: 49.119 GC heap before
{Heap before GC invocations=99 (full 0):
 garbage-first heap   total 925696K, used 810436K [0x0000000700000000, 0x0000000800000000)
  region size 2048K, 120 young (245760K), 10 survivors (20480K)
 Metaspace       used 143928K, committed 146240K, reserved 1179648K
  class space    used 20298K, committed 21440K, reserved 1048576K
}
Event: 49.145 GC heap after
{Heap after GC invocations=100 (full 0):
 garbage-first heap   total 925696K, used 610975K [0x0000000700000000, 0x0000000800000000)
  region size 2048K, 11 young (22528K), 11 survivors (22528K)
 Metaspace       used 143928K, committed 146240K, reserved 1179648K
  class space    used 20298K, committed 21440K, reserved 1048576K
}
Event: 49.491 GC heap before
{Heap before GC invocations=100 (full 0):
 garbage-first heap   total 925696K, used 826015K [0x0000000700000000, 0x0000000800000000)
  region size 2048K, 116 young (237568K), 11 survivors (22528K)
 Metaspace       used 144069K, committed 146432K, reserved 1179648K
  class space    used 20314K, committed 21440K, reserved 1048576K
}
Event: 49.504 GC heap after
{Heap after GC invocations=101 (full 0):
 garbage-first heap   total 925696K, used 602384K [0x0000000700000000, 0x0000000800000000)
  region size 2048K, 3 young (6144K), 3 survivors (6144K)
 Metaspace       used 144069K, committed 146432K, reserved 1179648K
  class space    used 20314K, committed 21440K, reserved 1048576K
}
Event: 49.905 GC heap before
{Heap before GC invocations=101 (full 0):
 garbage-first heap   total 925696K, used 833808K [0x0000000700000000, 0x0000000800000000)
  region size 2048K, 116 young (237568K), 3 survivors (6144K)
 Metaspace       used 144181K, committed 146560K, reserved 1179648K
  class space    used 20338K, committed 21504K, reserved 1048576K
}

