# JRE version: Java(TM) SE Runtime Environment (17.0.12+8) (build 17.0.12+8-LTS-286)
# Java VM: Java HotSpot(TM) 64-Bit Server VM (17.0.12+8-LTS-286, mixed mode, sharing, tiered, compressed oops, compressed class ptrs, serial gc, windows-amd64)
GC Precious Log:
 CPUs: 12 total, 12 available
 Memory: 7521M
 Large Page Support: Disabled
 NUMA Support: Disabled
 Compressed Oops: Enabled (32-bit)
 Heap Min Capacity: 8M
 Heap Initial Capacity: 118M
 Heap Max Capacity: 1280M
 Pre-touch: Disabled
Heap:
 def new generation   total 202304K, used 98561K [0x00000000b0000000, 0x00000000bdb80000, 0x00000000caaa0000)
  eden space 179840K,  54% used [0x00000000b0000000, 0x00000000b6040538, 0x00000000bafa0000)
  from space 22464K,   0% used [0x00000000bafa0000, 0x00000000bafa0000, 0x00000000bc590000)
  to   space 22464K,   0% used [0x00000000bc590000, 0x00000000bc590000, 0x00000000bdb80000)
 tenured generation   total 449096K, used 269455K [0x00000000caaa0000, 0x00000000e6132000, 0x0000000100000000)
   the space 449096K,  59% used [0x00000000caaa0000, 0x00000000db1c3ff8, 0x00000000db1c4000, 0x00000000e6132000)
 Metaspace       used 189717K, committed 190976K, reserved 442368K
  class space    used 23543K, committed 24128K, reserved 180224K
GC Heap History (20 events):
Event: 53.512 GC heap before
{Heap before GC invocations=67 (full 5):
 def new generation   total 118272K, used 51901K [0x00000000b0000000, 0x00000000b8050000, 0x00000000caaa0000)
  eden space 105152K,  36% used [0x00000000b0000000, 0x00000000b25df488, 0x00000000b66b0000)
  from space 13120K, 100% used [0x00000000b7380000, 0x00000000b8050000, 0x00000000b8050000)
  to   space 13120K,   0% used [0x00000000b66b0000, 0x00000000b66b0000, 0x00000000b7380000)
 tenured generation   total 262352K, used 254502K [0x00000000caaa0000, 0x00000000daad4000, 0x0000000100000000)
   the space 262352K,  97% used [0x00000000caaa0000, 0x00000000da329948, 0x00000000da329a00, 0x00000000daad4000)
 Metaspace       used 224021K, committed 225280K, reserved 442368K
  class space    used 27900K, committed 28544K, reserved 180224K
}
Event: 57.098 GC heap after
{Heap after GC invocations=68 (full 6):
 def new generation   total 118272K, used 0K [0x00000000b0000000, 0x00000000b8050000, 0x00000000caaa0000)
  eden space 105152K,   0% used [0x00000000b0000000, 0x00000000b0000000, 0x00000000b66b0000)
  from space 13120K,   0% used [0x00000000b7380000, 0x00000000b7380000, 0x00000000b8050000)
  to   space 13120K,   0% used [0x00000000b66b0000, 0x00000000b66b0000, 0x00000000b7380000)
 tenured generation   total 262352K, used 154300K [0x00000000caaa0000, 0x00000000daad4000, 0x0000000100000000)
   the space 262352K,  58% used [0x00000000caaa0000, 0x00000000d414f198, 0x00000000d414f200, 0x00000000daad4000)
 Metaspace       used 143734K, committed 150464K, reserved 442368K
  class space    used 19093K, committed 21696K, reserved 180224K
}
Event: 59.358 GC heap before
{Heap before GC invocations=68 (full 6):
 def new generation   total 118272K, used 105152K [0x00000000b0000000, 0x00000000b8050000, 0x00000000caaa0000)
  eden space 105152K, 100% used [0x00000000b0000000, 0x00000000b66b0000, 0x00000000b66b0000)
  from space 13120K,   0% used [0x00000000b7380000, 0x00000000b7380000, 0x00000000b8050000)
  to   space 13120K,   0% used [0x00000000b66b0000, 0x00000000b66b0000, 0x00000000b7380000)
 tenured generation   total 262352K, used 154300K [0x00000000caaa0000, 0x00000000daad4000, 0x0000000100000000)
   the space 262352K,  58% used [0x00000000caaa0000, 0x00000000d414f198, 0x00000000d414f200, 0x00000000daad4000)
 Metaspace       used 157952K, committed 159744K, reserved 442368K
  class space    used 20504K, committed 21696K, reserved 180224K
}
Event: 59.412 GC heap after
{Heap after GC invocations=69 (full 6):
 def new generation   total 118272K, used 11319K [0x00000000b0000000, 0x00000000b8050000, 0x00000000caaa0000)
  eden space 105152K,   0% used [0x00000000b0000000, 0x00000000b0000000, 0x00000000b66b0000)
  from space 13120K,  86% used [0x00000000b66b0000, 0x00000000b71bded8, 0x00000000b7380000)
  to   space 13120K,   0% used [0x00000000b7380000, 0x00000000b7380000, 0x00000000b8050000)
 tenured generation   total 262352K, used 154300K [0x00000000caaa0000, 0x00000000daad4000, 0x0000000100000000)
   the space 262352K,  58% used [0x00000000caaa0000, 0x00000000d414f198, 0x00000000d414f200, 0x00000000daad4000)
 Metaspace       used 157952K, committed 159744K, reserved 442368K
  class space    used 20504K, committed 21696K, reserved 180224K
}
Event: 61.300 GC heap before
{Heap before GC invocations=69 (full 6):
 def new generation   total 118272K, used 116471K [0x00000000b0000000, 0x00000000b8050000, 0x00000000caaa0000)
  eden space 105152K, 100% used [0x00000000b0000000, 0x00000000b66b0000, 0x00000000b66b0000)
  from space 13120K,  86% used [0x00000000b66b0000, 0x00000000b71bded8, 0x00000000b7380000)
  to   space 13120K,   0% used [0x00000000b7380000, 0x00000000b7380000, 0x00000000b8050000)
 tenured generation   total 262352K, used 154300K [0x00000000caaa0000, 0x00000000daad4000, 0x0000000100000000)
   the space 262352K,  58% used [0x00000000caaa0000, 0x00000000d414f198, 0x00000000d414f200, 0x00000000daad4000)
 Metaspace       used 163266K, committed 164480K, reserved 442368K
  class space    used 21044K, committed 21696K, reserved 180224K
}
Event: 61.432 GC heap after
{Heap after GC invocations=70 (full 6):
 def new generation   total 118272K, used 13120K [0x00000000b0000000, 0x00000000b8050000, 0x00000000caaa0000)
  eden space 105152K,   0% used [0x00000000b0000000, 0x00000000b0000000, 0x00000000b66b0000)
  from space 13120K, 100% used [0x00000000b7380000, 0x00000000b8050000, 0x00000000b8050000)
  to   space 13120K,   0% used [0x00000000b66b0000, 0x00000000b66b0000, 0x00000000b7380000)
 tenured generation   total 262352K, used 176397K [0x00000000caaa0000, 0x00000000daad4000, 0x0000000100000000)
   the space 262352K,  67% used [0x00000000caaa0000, 0x00000000d56e3530, 0x00000000d56e3600, 0x00000000daad4000)
 Metaspace       used 163266K, committed 164480K, reserved 442368K
  class space    used 21044K, committed 21696K, reserved 180224K
}
Event: 63.326 GC heap before
{Heap before GC invocations=70 (full 6):
 def new generation   total 118272K, used 118272K [0x00000000b0000000, 0x00000000b8050000, 0x00000000caaa0000)
  eden space 105152K, 100% used [0x00000000b0000000, 0x00000000b66b0000, 0x00000000b66b0000)
  from space 13120K, 100% used [0x00000000b7380000, 0x00000000b8050000, 0x00000000b8050000)
  to   space 13120K,   0% used [0x00000000b66b0000, 0x00000000b66b0000, 0x00000000b7380000)
 tenured generation   total 262352K, used 176397K [0x00000000caaa0000, 0x00000000daad4000, 0x0000000100000000)
   the space 262352K,  67% used [0x00000000caaa0000, 0x00000000d56e3530, 0x00000000d56e3600, 0x00000000daad4000)
 Metaspace       used 171718K, committed 172928K, reserved 442368K
  class space    used 22072K, committed 22656K, reserved 180224K
}
Event: 63.418 GC heap after
{Heap after GC invocations=71 (full 6):
 def new generation   total 118272K, used 13119K [0x00000000b0000000, 0x00000000b8050000, 0x00000000caaa0000)
  eden space 105152K,   0% used [0x00000000b0000000, 0x00000000b0000000, 0x00000000b66b0000)
  from space 13120K,  99% used [0x00000000b66b0000, 0x00000000b737fff8, 0x00000000b7380000)
  to   space 13120K,   0% used [0x00000000b7380000, 0x00000000b7380000, 0x00000000b8050000)
 tenured generation   total 262352K, used 192464K [0x00000000caaa0000, 0x00000000daad4000, 0x0000000100000000)
   the space 262352K,  73% used [0x00000000caaa0000, 0x00000000d6694068, 0x00000000d6694200, 0x00000000daad4000)
 Metaspace       used 171718K, committed 172928K, reserved 442368K
  class space    used 22072K, committed 22656K, reserved 180224K
}
Event: 64.489 GC heap before
{Heap before GC invocations=71 (full 6):
 def new generation   total 118272K, used 118271K [0x00000000b0000000, 0x00000000b8050000, 0x00000000caaa0000)
  eden space 105152K, 100% used [0x00000000b0000000, 0x00000000b66b0000, 0x00000000b66b0000)
  from space 13120K,  99% used [0x00000000b66b0000, 0x00000000b737fff8, 0x00000000b7380000)
  to   space 13120K,   0% used [0x00000000b7380000, 0x00000000b7380000, 0x00000000b8050000)
 tenured generation   total 262352K, used 192464K [0x00000000caaa0000, 0x00000000daad4000, 0x0000000100000000)
   the space 262352K,  73% used [0x00000000caaa0000, 0x00000000d6694068, 0x00000000d6694200, 0x00000000daad4000)
 Metaspace       used 173399K, committed 174592K, reserved 442368K
  class space    used 22154K, committed 22720K, reserved 180224K
}
Event: 64.587 GC heap after
{Heap after GC invocations=72 (full 6):
 def new generation   total 118272K, used 13120K [0x00000000b0000000, 0x00000000b8050000, 0x00000000caaa0000)
  eden space 105152K,   0% used [0x00000000b0000000, 0x00000000b0000000, 0x00000000b66b0000)
  from space 13120K, 100% used [0x00000000b7380000, 0x00000000b8050000, 0x00000000b8050000)
  to   space 13120K,   0% used [0x00000000b66b0000, 0x00000000b66b0000, 0x00000000b7380000)
 tenured generation   total 262352K, used 210551K [0x00000000caaa0000, 0x00000000daad4000, 0x0000000100000000)
   the space 262352K,  80% used [0x00000000caaa0000, 0x00000000d783def8, 0x00000000d783e000, 0x00000000daad4000)
 Metaspace       used 173399K, committed 174592K, reserved 442368K
  class space    used 22154K, committed 22720K, reserved 180224K
}
Event: 64.791 GC heap before
{Heap before GC invocations=72 (full 6):
 def new generation   total 118272K, used 118272K [0x00000000b0000000, 0x00000000b8050000, 0x00000000caaa0000)
  eden space 105152K, 100% used [0x00000000b0000000, 0x00000000b66b0000, 0x00000000b66b0000)
  from space 13120K, 100% used [0x00000000b7380000, 0x00000000b8050000, 0x00000000b8050000)
  to   space 13120K,   0% used [0x00000000b66b0000, 0x00000000b66b0000, 0x00000000b7380000)
 tenured generation   total 262352K, used 210551K [0x00000000caaa0000, 0x00000000daad4000, 0x0000000100000000)
   the space 262352K,  80% used [0x00000000caaa0000, 0x00000000d783def8, 0x00000000d783e000, 0x00000000daad4000)
 Metaspace       used 173410K, committed 174592K, reserved 442368K
  class space    used 22154K, committed 22720K, reserved 180224K
}
Event: 64.953 GC heap after
{Heap after GC invocations=73 (full 6):
 def new generation   total 118272K, used 13120K [0x00000000b0000000, 0x00000000b8050000, 0x00000000caaa0000)
  eden space 105152K,   0% used [0x00000000b0000000, 0x00000000b0000000, 0x00000000b66b0000)
  from space 13120K, 100% used [0x00000000b66b0000, 0x00000000b7380000, 0x00000000b7380000)
  to   space 13120K,   0% used [0x00000000b7380000, 0x00000000b7380000, 0x00000000b8050000)
 tenured generation   total 262352K, used 233223K [0x00000000caaa0000, 0x00000000daad4000, 0x0000000100000000)
   the space 262352K,  88% used [0x00000000caaa0000, 0x00000000d8e61d48, 0x00000000d8e61e00, 0x00000000daad4000)
 Metaspace       used 173410K, committed 174592K, reserved 442368K
  class space    used 22154K, committed 22720K, reserved 180224K
}
Event: 66.104 GC heap before
{Heap before GC invocations=73 (full 6):
 def new generation   total 118272K, used 118272K [0x00000000b0000000, 0x00000000b8050000, 0x00000000caaa0000)
  eden space 105152K, 100% used [0x00000000b0000000, 0x00000000b66b0000, 0x00000000b66b0000)
  from space 13120K, 100% used [0x00000000b66b0000, 0x00000000b7380000, 0x00000000b7380000)
  to   space 13120K,   0% used [0x00000000b7380000, 0x00000000b7380000, 0x00000000b8050000)
 tenured generation   total 262352K, used 233223K [0x00000000caaa0000, 0x00000000daad4000, 0x0000000100000000)
   the space 262352K,  88% used [0x00000000caaa0000, 0x00000000d8e61d48, 0x00000000d8e61e00, 0x00000000daad4000)
 Metaspace       used 174048K, committed 175296K, reserved 442368K
  class space    used 22181K, committed 22784K, reserved 180224K
}
Event: 66.170 GC heap after
{Heap after GC invocations=74 (full 6):
 def new generation   total 118272K, used 11389K [0x00000000b0000000, 0x00000000b8050000, 0x00000000caaa0000)
  eden space 105152K,   0% used [0x00000000b0000000, 0x00000000b0000000, 0x00000000b66b0000)
  from space 13120K,  86% used [0x00000000b7380000, 0x00000000b7e9f620, 0x00000000b8050000)
  to   space 13120K,   0% used [0x00000000b66b0000, 0x00000000b66b0000, 0x00000000b7380000)
 tenured generation   total 262352K, used 246294K [0x00000000caaa0000, 0x00000000daad4000, 0x0000000100000000)
   the space 262352K,  93% used [0x00000000caaa0000, 0x00000000d9b25a80, 0x00000000d9b25c00, 0x00000000daad4000)
 Metaspace       used 174048K, committed 175296K, reserved 442368K
  class space    used 22181K, committed 22784K, reserved 180224K
}
Event: 67.696 GC heap before
{Heap before GC invocations=74 (full 6):
 def new generation   total 118272K, used 116541K [0x00000000b0000000, 0x00000000b8050000, 0x00000000caaa0000)
  eden space 105152K, 100% used [0x00000000b0000000, 0x00000000b66b0000, 0x00000000b66b0000)
  from space 13120K,  86% used [0x00000000b7380000, 0x00000000b7e9f620, 0x00000000b8050000)
  to   space 13120K,   0% used [0x00000000b66b0000, 0x00000000b66b0000, 0x00000000b7380000)
 tenured generation   total 262352K, used 246294K [0x00000000caaa0000, 0x00000000daad4000, 0x0000000100000000)
   the space 262352K,  93% used [0x00000000caaa0000, 0x00000000d9b25a80, 0x00000000d9b25c00, 0x00000000daad4000)
 Metaspace       used 178077K, committed 179328K, reserved 442368K
  class space    used 22486K, committed 23104K, reserved 180224K
}
Event: 67.751 GC heap after
{Heap after GC invocations=75 (full 6):
 def new generation   total 118272K, used 8653K [0x00000000b0000000, 0x00000000b8050000, 0x00000000caaa0000)
  eden space 105152K,   0% used [0x00000000b0000000, 0x00000000b0000000, 0x00000000b66b0000)
  from space 13120K,  65% used [0x00000000b66b0000, 0x00000000b6f237b0, 0x00000000b7380000)
  to   space 13120K,   0% used [0x00000000b7380000, 0x00000000b7380000, 0x00000000b8050000)
 tenured generation   total 262352K, used 257644K [0x00000000caaa0000, 0x00000000daad4000, 0x0000000100000000)
   the space 262352K,  98% used [0x00000000caaa0000, 0x00000000da63b248, 0x00000000da63b400, 0x00000000daad4000)
 Metaspace       used 178077K, committed 179328K, reserved 442368K
  class space    used 22486K, committed 23104K, reserved 180224K
}
Event: 68.962 GC heap before
{Heap before GC invocations=75 (full 6):
 def new generation   total 118272K, used 113805K [0x00000000b0000000, 0x00000000b8050000, 0x00000000caaa0000)
  eden space 105152K, 100% used [0x00000000b0000000, 0x00000000b66b0000, 0x00000000b66b0000)
  from space 13120K,  65% used [0x00000000b66b0000, 0x00000000b6f237b0, 0x00000000b7380000)
  to   space 13120K,   0% used [0x00000000b7380000, 0x00000000b7380000, 0x00000000b8050000)
 tenured generation   total 262352K, used 257644K [0x00000000caaa0000, 0x00000000daad4000, 0x0000000100000000)
   the space 262352K,  98% used [0x00000000caaa0000, 0x00000000da63b248, 0x00000000da63b400, 0x00000000daad4000)
 Metaspace       used 185004K, committed 186240K, reserved 442368K
  class space    used 23092K, committed 23680K, reserved 180224K
}
Event: 69.041 GC heap after
{Heap after GC invocations=76 (full 6):
 def new generation   total 118272K, used 13119K [0x00000000b0000000, 0x00000000b8050000, 0x00000000caaa0000)
  eden space 105152K,   0% used [0x00000000b0000000, 0x00000000b0000000, 0x00000000b66b0000)
  from space 13120K,  99% used [0x00000000b7380000, 0x00000000b804fff8, 0x00000000b8050000)
  to   space 13120K,   0% used [0x00000000b66b0000, 0x00000000b66b0000, 0x00000000b7380000)
 tenured generation   total 269456K, used 269315K [0x00000000caaa0000, 0x00000000db1c4000, 0x0000000100000000)
   the space 269456K,  99% used [0x00000000caaa0000, 0x00000000db1a0ff0, 0x00000000db1a1000, 0x00000000db1c4000)
 Metaspace       used 185004K, committed 186240K, reserved 442368K
  class space    used 23092K, committed 23680K, reserved 180224K
}
Event: 69.041 GC heap before
{Heap before GC invocations=76 (full 6):
 def new generation   total 118272K, used 13119K [0x00000000b0000000, 0x00000000b8050000, 0x00000000caaa0000)
  eden space 105152K,   0% used [0x00000000b0000000, 0x00000000b0000000, 0x00000000b66b0000)
  from space 13120K,  99% used [0x00000000b7380000, 0x00000000b804fff8, 0x00000000b8050000)
  to   space 13120K,   0% used [0x00000000b66b0000, 0x00000000b66b0000, 0x00000000b7380000)
 tenured generation   total 269456K, used 269315K [0x00000000caaa0000, 0x00000000db1c4000, 0x0000000100000000)
   the space 269456K,  99% used [0x00000000caaa0000, 0x00000000db1a0ff0, 0x00000000db1a1000, 0x00000000db1c4000)
 Metaspace       used 185004K, committed 186240K, reserved 442368K
  class space    used 23092K, committed 23680K, reserved 180224K
}
Event: 69.568 GC heap after
{Heap after GC invocations=76 (full 7):
 def new generation   total 202304K, used 6392K [0x00000000b0000000, 0x00000000bdb80000, 0x00000000caaa0000)
  eden space 179840K,   3% used [0x00000000b0000000, 0x00000000b063e200, 0x00000000bafa0000)
  from space 22464K,   0% used [0x00000000bafa0000, 0x00000000bafa0000, 0x00000000bc590000)
  to   space 22464K,   0% used [0x00000000bc590000, 0x00000000bc590000, 0x00000000bdb80000)
 tenured generation   total 449096K, used 269455K [0x00000000caaa0000, 0x00000000e6132000, 0x0000000100000000)
   the space 449096K,  59% used [0x00000000caaa0000, 0x00000000db1c3ff8, 0x00000000db1c4000, 0x00000000e6132000)
 Metaspace       used 185004K, committed 186240K, reserved 442368K
  class space    used 23092K, committed 23680K, reserved 180224K
}

