# JRE version: Java(TM) SE Runtime Environment (17.0.12+8) (build 17.0.12+8-LTS-286)
# Java VM: Java HotSpot(TM) 64-Bit Server VM (17.0.12+8-LTS-286, mixed mode, sharing, tiered, compressed oops, compressed class ptrs, serial gc, windows-amd64)
GC Precious Log:
 CPUs: 12 total, 12 available
 Memory: 7521M
 Large Page Support: Disabled
 NUMA Support: Disabled
 Compressed Oops: Enabled (32-bit)
 Heap Min Capacity: 8M
 Heap Initial Capacity: 118M
 Heap Max Capacity: 1536M
 Pre-touch: Disabled
Heap:
 def new generation   total 148928K, used 120088K [0x00000000a0000000, 0x00000000aa190000, 0x00000000c0000000)
  eden space 132416K,  78% used [0x00000000a0000000, 0x00000000a65261b8, 0x00000000a8150000)
  from space 16512K,  99% used [0x00000000a9170000, 0x00000000aa18fff8, 0x00000000aa190000)
  to   space 16512K,   0% used [0x00000000a8150000, 0x00000000a8150000, 0x00000000a9170000)
 tenured generation   total 330424K, used 205641K [0x00000000c0000000, 0x00000000d42ae000, 0x0000000100000000)
   the space 330424K,  62% used [0x00000000c0000000, 0x00000000cc8d2470, 0x00000000cc8d2600, 0x00000000d42ae000)
 Metaspace       used 240853K, committed 242112K, reserved 475136K
  class space    used 29513K, committed 30144K, reserved 212992K
GC Heap History (20 events):
Event: 54.197 GC heap before
{Heap before GC invocations=60 (full 5):
 def new generation   total 121856K, used 115733K [0x00000000a0000000, 0x00000000a8430000, 0x00000000c0000000)
  eden space 108352K, 100% used [0x00000000a0000000, 0x00000000a69d0000, 0x00000000a69d0000)
  from space 13504K,  54% used [0x00000000a69d0000, 0x00000000a71055c0, 0x00000000a7700000)
  to   space 13504K,   0% used [0x00000000a7700000, 0x00000000a7700000, 0x00000000a8430000)
 tenured generation   total 270240K, used 201733K [0x00000000c0000000, 0x00000000d07e8000, 0x0000000100000000)
   the space 270240K,  74% used [0x00000000c0000000, 0x00000000cc501488, 0x00000000cc501600, 0x00000000d07e8000)
 Metaspace       used 186063K, committed 187264K, reserved 409600K
  class space    used 23101K, committed 23680K, reserved 212992K
}
Event: 54.262 GC heap after
{Heap after GC invocations=61 (full 5):
 def new generation   total 121856K, used 3931K [0x00000000a0000000, 0x00000000a8430000, 0x00000000c0000000)
  eden space 108352K,   0% used [0x00000000a0000000, 0x00000000a0000000, 0x00000000a69d0000)
  from space 13504K,  29% used [0x00000000a7700000, 0x00000000a7ad6d38, 0x00000000a8430000)
  to   space 13504K,   0% used [0x00000000a69d0000, 0x00000000a69d0000, 0x00000000a7700000)
 tenured generation   total 270240K, used 209078K [0x00000000c0000000, 0x00000000d07e8000, 0x0000000100000000)
   the space 270240K,  77% used [0x00000000c0000000, 0x00000000ccc2dbe8, 0x00000000ccc2dc00, 0x00000000d07e8000)
 Metaspace       used 186063K, committed 187264K, reserved 409600K
  class space    used 23101K, committed 23680K, reserved 212992K
}
Event: 56.478 GC heap before
{Heap before GC invocations=61 (full 5):
 def new generation   total 121856K, used 111250K [0x00000000a0000000, 0x00000000a8430000, 0x00000000c0000000)
  eden space 108352K,  99% used [0x00000000a0000000, 0x00000000a68cdcb0, 0x00000000a69d0000)
  from space 13504K,  29% used [0x00000000a7700000, 0x00000000a7ad6d38, 0x00000000a8430000)
  to   space 13504K,   0% used [0x00000000a69d0000, 0x00000000a69d0000, 0x00000000a7700000)
 tenured generation   total 270240K, used 209078K [0x00000000c0000000, 0x00000000d07e8000, 0x0000000100000000)
   the space 270240K,  77% used [0x00000000c0000000, 0x00000000ccc2dbe8, 0x00000000ccc2dc00, 0x00000000d07e8000)
 Metaspace       used 188165K, committed 189312K, reserved 409600K
  class space    used 23288K, committed 23872K, reserved 212992K
}
Event: 56.603 GC heap after
{Heap after GC invocations=62 (full 5):
 def new generation   total 121856K, used 13504K [0x00000000a0000000, 0x00000000a8430000, 0x00000000c0000000)
  eden space 108352K,   0% used [0x00000000a0000000, 0x00000000a0000000, 0x00000000a69d0000)
  from space 13504K, 100% used [0x00000000a69d0000, 0x00000000a7700000, 0x00000000a7700000)
  to   space 13504K,   0% used [0x00000000a7700000, 0x00000000a7700000, 0x00000000a8430000)
 tenured generation   total 270240K, used 226374K [0x00000000c0000000, 0x00000000d07e8000, 0x0000000100000000)
   the space 270240K,  83% used [0x00000000c0000000, 0x00000000cdd11af8, 0x00000000cdd11c00, 0x00000000d07e8000)
 Metaspace       used 188165K, committed 189312K, reserved 409600K
  class space    used 23288K, committed 23872K, reserved 212992K
}
Event: 57.850 GC heap before
{Heap before GC invocations=62 (full 5):
 def new generation   total 121856K, used 121856K [0x00000000a0000000, 0x00000000a8430000, 0x00000000c0000000)
  eden space 108352K, 100% used [0x00000000a0000000, 0x00000000a69d0000, 0x00000000a69d0000)
  from space 13504K, 100% used [0x00000000a69d0000, 0x00000000a7700000, 0x00000000a7700000)
  to   space 13504K,   0% used [0x00000000a7700000, 0x00000000a7700000, 0x00000000a8430000)
 tenured generation   total 270240K, used 226374K [0x00000000c0000000, 0x00000000d07e8000, 0x0000000100000000)
   the space 270240K,  83% used [0x00000000c0000000, 0x00000000cdd11af8, 0x00000000cdd11c00, 0x00000000d07e8000)
 Metaspace       used 197680K, committed 198848K, reserved 409600K
  class space    used 24260K, committed 24832K, reserved 212992K
}
Event: 57.913 GC heap after
{Heap after GC invocations=63 (full 5):
 def new generation   total 121856K, used 13369K [0x00000000a0000000, 0x00000000a8430000, 0x00000000c0000000)
  eden space 108352K,   0% used [0x00000000a0000000, 0x00000000a0000000, 0x00000000a69d0000)
  from space 13504K,  99% used [0x00000000a7700000, 0x00000000a840e548, 0x00000000a8430000)
  to   space 13504K,   0% used [0x00000000a69d0000, 0x00000000a69d0000, 0x00000000a7700000)
 tenured generation   total 270240K, used 238830K [0x00000000c0000000, 0x00000000d07e8000, 0x0000000100000000)
   the space 270240K,  88% used [0x00000000c0000000, 0x00000000ce93ba08, 0x00000000ce93bc00, 0x00000000d07e8000)
 Metaspace       used 197680K, committed 198848K, reserved 409600K
  class space    used 24260K, committed 24832K, reserved 212992K
}
Event: 58.843 GC heap before
{Heap before GC invocations=63 (full 5):
 def new generation   total 121856K, used 121721K [0x00000000a0000000, 0x00000000a8430000, 0x00000000c0000000)
  eden space 108352K, 100% used [0x00000000a0000000, 0x00000000a69d0000, 0x00000000a69d0000)
  from space 13504K,  99% used [0x00000000a7700000, 0x00000000a840e548, 0x00000000a8430000)
  to   space 13504K,   0% used [0x00000000a69d0000, 0x00000000a69d0000, 0x00000000a7700000)
 tenured generation   total 270240K, used 238830K [0x00000000c0000000, 0x00000000d07e8000, 0x0000000100000000)
   the space 270240K,  88% used [0x00000000c0000000, 0x00000000ce93ba08, 0x00000000ce93bc00, 0x00000000d07e8000)
 Metaspace       used 201079K, committed 202240K, reserved 409600K
  class space    used 24736K, committed 25280K, reserved 212992K
}
Event: 58.902 GC heap after
{Heap after GC invocations=64 (full 5):
 def new generation   total 121856K, used 4949K [0x00000000a0000000, 0x00000000a8430000, 0x00000000c0000000)
  eden space 108352K,   0% used [0x00000000a0000000, 0x00000000a0000000, 0x00000000a69d0000)
  from space 13504K,  36% used [0x00000000a69d0000, 0x00000000a6ea5658, 0x00000000a7700000)
  to   space 13504K,   0% used [0x00000000a7700000, 0x00000000a7700000, 0x00000000a8430000)
 tenured generation   total 270240K, used 250645K [0x00000000c0000000, 0x00000000d07e8000, 0x0000000100000000)
   the space 270240K,  92% used [0x00000000c0000000, 0x00000000cf4c5508, 0x00000000cf4c5600, 0x00000000d07e8000)
 Metaspace       used 201079K, committed 202240K, reserved 409600K
  class space    used 24736K, committed 25280K, reserved 212992K
}
Event: 59.459 GC heap before
{Heap before GC invocations=64 (full 5):
 def new generation   total 121856K, used 113301K [0x00000000a0000000, 0x00000000a8430000, 0x00000000c0000000)
  eden space 108352K, 100% used [0x00000000a0000000, 0x00000000a69d0000, 0x00000000a69d0000)
  from space 13504K,  36% used [0x00000000a69d0000, 0x00000000a6ea5658, 0x00000000a7700000)
  to   space 13504K,   0% used [0x00000000a7700000, 0x00000000a7700000, 0x00000000a8430000)
 tenured generation   total 270240K, used 250645K [0x00000000c0000000, 0x00000000d07e8000, 0x0000000100000000)
   the space 270240K,  92% used [0x00000000c0000000, 0x00000000cf4c5508, 0x00000000cf4c5600, 0x00000000d07e8000)
 Metaspace       used 201431K, committed 202560K, reserved 409600K
  class space    used 24759K, committed 25344K, reserved 212992K
}
Event: 59.480 GC heap after
{Heap after GC invocations=65 (full 5):
 def new generation   total 121856K, used 5281K [0x00000000a0000000, 0x00000000a8430000, 0x00000000c0000000)
  eden space 108352K,   0% used [0x00000000a0000000, 0x00000000a0000000, 0x00000000a69d0000)
  from space 13504K,  39% used [0x00000000a7700000, 0x00000000a7c28530, 0x00000000a8430000)
  to   space 13504K,   0% used [0x00000000a69d0000, 0x00000000a69d0000, 0x00000000a7700000)
 tenured generation   total 270240K, used 250645K [0x00000000c0000000, 0x00000000d07e8000, 0x0000000100000000)
   the space 270240K,  92% used [0x00000000c0000000, 0x00000000cf4c5508, 0x00000000cf4c5600, 0x00000000d07e8000)
 Metaspace       used 201431K, committed 202560K, reserved 409600K
  class space    used 24759K, committed 25344K, reserved 212992K
}
Event: 61.885 GC heap before
{Heap before GC invocations=65 (full 5):
 def new generation   total 121856K, used 113619K [0x00000000a0000000, 0x00000000a8430000, 0x00000000c0000000)
  eden space 108352K,  99% used [0x00000000a0000000, 0x00000000a69cc898, 0x00000000a69d0000)
  from space 13504K,  39% used [0x00000000a7700000, 0x00000000a7c28530, 0x00000000a8430000)
  to   space 13504K,   0% used [0x00000000a69d0000, 0x00000000a69d0000, 0x00000000a7700000)
 tenured generation   total 270240K, used 250645K [0x00000000c0000000, 0x00000000d07e8000, 0x0000000100000000)
   the space 270240K,  92% used [0x00000000c0000000, 0x00000000cf4c5508, 0x00000000cf4c5600, 0x00000000d07e8000)
 Metaspace       used 216086K, committed 217344K, reserved 409600K
  class space    used 26469K, committed 27072K, reserved 212992K
}
Event: 61.905 GC heap after
{Heap after GC invocations=66 (full 5):
 def new generation   total 121856K, used 8582K [0x00000000a0000000, 0x00000000a8430000, 0x00000000c0000000)
  eden space 108352K,   0% used [0x00000000a0000000, 0x00000000a0000000, 0x00000000a69d0000)
  from space 13504K,  63% used [0x00000000a69d0000, 0x00000000a7231b28, 0x00000000a7700000)
  to   space 13504K,   0% used [0x00000000a7700000, 0x00000000a7700000, 0x00000000a8430000)
 tenured generation   total 270240K, used 250645K [0x00000000c0000000, 0x00000000d07e8000, 0x0000000100000000)
   the space 270240K,  92% used [0x00000000c0000000, 0x00000000cf4c5508, 0x00000000cf4c5600, 0x00000000d07e8000)
 Metaspace       used 216086K, committed 217344K, reserved 409600K
  class space    used 26469K, committed 27072K, reserved 212992K
}
Event: 63.422 GC heap before
{Heap before GC invocations=66 (full 5):
 def new generation   total 121856K, used 116934K [0x00000000a0000000, 0x00000000a8430000, 0x00000000c0000000)
  eden space 108352K, 100% used [0x00000000a0000000, 0x00000000a69d0000, 0x00000000a69d0000)
  from space 13504K,  63% used [0x00000000a69d0000, 0x00000000a7231b28, 0x00000000a7700000)
  to   space 13504K,   0% used [0x00000000a7700000, 0x00000000a7700000, 0x00000000a8430000)
 tenured generation   total 270240K, used 250645K [0x00000000c0000000, 0x00000000d07e8000, 0x0000000100000000)
   the space 270240K,  92% used [0x00000000c0000000, 0x00000000cf4c5508, 0x00000000cf4c5600, 0x00000000d07e8000)
 Metaspace       used 231613K, committed 232832K, reserved 475136K
  class space    used 28615K, committed 29184K, reserved 212992K
}
Event: 63.479 GC heap after
{Heap after GC invocations=67 (full 5):
 def new generation   total 121856K, used 13504K [0x00000000a0000000, 0x00000000a8430000, 0x00000000c0000000)
  eden space 108352K,   0% used [0x00000000a0000000, 0x00000000a0000000, 0x00000000a69d0000)
  from space 13504K, 100% used [0x00000000a7700000, 0x00000000a8430000, 0x00000000a8430000)
  to   space 13504K,   0% used [0x00000000a69d0000, 0x00000000a69d0000, 0x00000000a7700000)
 tenured generation   total 270240K, used 262021K [0x00000000c0000000, 0x00000000d07e8000, 0x0000000100000000)
   the space 270240K,  96% used [0x00000000c0000000, 0x00000000cffe16f8, 0x00000000cffe1800, 0x00000000d07e8000)
 Metaspace       used 231613K, committed 232832K, reserved 475136K
  class space    used 28615K, committed 29184K, reserved 212992K
}
Event: 64.905 GC heap before
{Heap before GC invocations=67 (full 5):
 def new generation   total 121856K, used 121856K [0x00000000a0000000, 0x00000000a8430000, 0x00000000c0000000)
  eden space 108352K, 100% used [0x00000000a0000000, 0x00000000a69d0000, 0x00000000a69d0000)
  from space 13504K, 100% used [0x00000000a7700000, 0x00000000a8430000, 0x00000000a8430000)
  to   space 13504K,   0% used [0x00000000a69d0000, 0x00000000a69d0000, 0x00000000a7700000)
 tenured generation   total 270240K, used 262021K [0x00000000c0000000, 0x00000000d07e8000, 0x0000000100000000)
   the space 270240K,  96% used [0x00000000c0000000, 0x00000000cffe16f8, 0x00000000cffe1800, 0x00000000d07e8000)
 Metaspace       used 239755K, committed 240960K, reserved 475136K
  class space    used 29400K, committed 30016K, reserved 212992K
}
Event: 65.003 GC heap after
{Heap after GC invocations=68 (full 5):
 def new generation   total 121856K, used 13504K [0x00000000a0000000, 0x00000000a8430000, 0x00000000c0000000)
  eden space 108352K,   0% used [0x00000000a0000000, 0x00000000a0000000, 0x00000000a69d0000)
  from space 13504K, 100% used [0x00000000a69d0000, 0x00000000a7700000, 0x00000000a7700000)
  to   space 13504K,   0% used [0x00000000a7700000, 0x00000000a7700000, 0x00000000a8430000)
 tenured generation   total 284944K, used 284771K [0x00000000c0000000, 0x00000000d1644000, 0x0000000100000000)
   the space 284944K,  99% used [0x00000000c0000000, 0x00000000d1618d88, 0x00000000d1618e00, 0x00000000d1644000)
 Metaspace       used 239755K, committed 240960K, reserved 475136K
  class space    used 29400K, committed 30016K, reserved 212992K
}
Event: 65.003 GC heap before
{Heap before GC invocations=68 (full 5):
 def new generation   total 121856K, used 13504K [0x00000000a0000000, 0x00000000a8430000, 0x00000000c0000000)
  eden space 108352K,   0% used [0x00000000a0000000, 0x00000000a0000000, 0x00000000a69d0000)
  from space 13504K, 100% used [0x00000000a69d0000, 0x00000000a7700000, 0x00000000a7700000)
  to   space 13504K,   0% used [0x00000000a7700000, 0x00000000a7700000, 0x00000000a8430000)
 tenured generation   total 284944K, used 284771K [0x00000000c0000000, 0x00000000d1644000, 0x0000000100000000)
   the space 284944K,  99% used [0x00000000c0000000, 0x00000000d1618d88, 0x00000000d1618e00, 0x00000000d1644000)
 Metaspace       used 239755K, committed 240960K, reserved 475136K
  class space    used 29400K, committed 30016K, reserved 212992K
}
Event: 66.668 GC heap after
{Heap after GC invocations=68 (full 6):
 def new generation   total 148928K, used 0K [0x00000000a0000000, 0x00000000aa190000, 0x00000000c0000000)
  eden space 132416K,   0% used [0x00000000a0000000, 0x00000000a0000000, 0x00000000a8150000)
  from space 16512K,   0% used [0x00000000a8150000, 0x00000000a8150000, 0x00000000a9170000)
  to   space 16512K,   0% used [0x00000000a9170000, 0x00000000a9170000, 0x00000000aa190000)
 tenured generation   total 330424K, used 198253K [0x00000000c0000000, 0x00000000d42ae000, 0x0000000100000000)
   the space 330424K,  59% used [0x00000000c0000000, 0x00000000cc19b560, 0x00000000cc19b600, 0x00000000d42ae000)
 Metaspace       used 227624K, committed 230016K, reserved 475136K
  class space    used 27986K, committed 28864K, reserved 212992K
}
Event: 68.159 GC heap before
{Heap before GC invocations=68 (full 6):
 def new generation   total 148928K, used 132416K [0x00000000a0000000, 0x00000000aa190000, 0x00000000c0000000)
  eden space 132416K, 100% used [0x00000000a0000000, 0x00000000a8150000, 0x00000000a8150000)
  from space 16512K,   0% used [0x00000000a8150000, 0x00000000a8150000, 0x00000000a9170000)
  to   space 16512K,   0% used [0x00000000a9170000, 0x00000000a9170000, 0x00000000aa190000)
 tenured generation   total 330424K, used 198253K [0x00000000c0000000, 0x00000000d42ae000, 0x0000000100000000)
   the space 330424K,  59% used [0x00000000c0000000, 0x00000000cc19b560, 0x00000000cc19b600, 0x00000000d42ae000)
 Metaspace       used 235726K, committed 236992K, reserved 475136K
  class space    used 29011K, committed 29632K, reserved 212992K
}
Event: 68.259 GC heap after
{Heap after GC invocations=69 (full 6):
 def new generation   total 148928K, used 16511K [0x00000000a0000000, 0x00000000aa190000, 0x00000000c0000000)
  eden space 132416K,   0% used [0x00000000a0000000, 0x00000000a0000000, 0x00000000a8150000)
  from space 16512K,  99% used [0x00000000a9170000, 0x00000000aa18fff8, 0x00000000aa190000)
  to   space 16512K,   0% used [0x00000000a8150000, 0x00000000a8150000, 0x00000000a9170000)
 tenured generation   total 330424K, used 205641K [0x00000000c0000000, 0x00000000d42ae000, 0x0000000100000000)
   the space 330424K,  62% used [0x00000000c0000000, 0x00000000cc8d2470, 0x00000000cc8d2600, 0x00000000d42ae000)
 Metaspace       used 235726K, committed 236992K, reserved 475136K
  class space    used 29011K, committed 29632K, reserved 212992K
}

