# JRE version: OpenJDK Runtime Environment (21.0.8) (build 21.0.8+-14196175-b1038.72)
# Java VM: OpenJDK 64-Bit Server VM (21.0.8+-14196175-b1038.72, mixed mode, tiered, compressed oops, compressed class ptrs, g1 gc, windows-amd64)
GC Precious Log:
 CardTable entry size: 512
 Card Set container configuration: InlinePtr #cards 4 size 8 Array Of Cards #cards 16 size 48 Howl #buckets 8 coarsen threshold 3686 Howl Bitmap #cards 512 size 80 coarsen threshold 460 Card regions per heap region 1 cards per card region 4096
 CPUs: 12 total, 12 available
 Memory: 7521M
 Large Page Support: Disabled
 NUMA Support: Disabled
 Compressed Oops: Enabled (Zero based)
 Heap Region Size: 2M
 Heap Min Capacity: 8M
 Heap Initial Capacity: 118M
 Heap Max Capacity: 4G
 Pre-touch: Disabled
 Parallel Workers: 10
 Concurrent Workers: 3
 Concurrent Refinement Workers: 10
 Periodic GC: Disabled
Heap:
 garbage-first heap   total 690176K, used 485376K [0x0000000700000000, 0x0000000800000000)
  region size 2048K, 11 young (22528K), 11 survivors (22528K)
 Metaspace       used 131367K, committed 133696K, reserved 1179648K
  class space    used 18603K, committed 19776K, reserved 1048576K
GC Heap History (20 events):
Event: 18.248 GC heap after
{Heap after GC invocations=56 (full 0):
 garbage-first heap   total 313344K, used 203394K [0x0000000700000000, 0x0000000800000000)
  region size 2048K, 7 young (14336K), 7 survivors (14336K)
 Metaspace       used 125205K, committed 127488K, reserved 1179648K
  class space    used 17736K, committed 18816K, reserved 1048576K
}
Event: 18.367 GC heap before
{Heap before GC invocations=56 (full 0):
 garbage-first heap   total 313344K, used 273026K [0x0000000700000000, 0x0000000800000000)
  region size 2048K, 41 young (83968K), 7 survivors (14336K)
 Metaspace       used 125205K, committed 127488K, reserved 1179648K
  class space    used 17736K, committed 18816K, reserved 1048576K
}
Event: 18.375 GC heap after
{Heap after GC invocations=57 (full 0):
 garbage-first heap   total 313344K, used 224492K [0x0000000700000000, 0x0000000800000000)
  region size 2048K, 6 young (12288K), 6 survivors (12288K)
 Metaspace       used 125205K, committed 127488K, reserved 1179648K
  class space    used 17736K, committed 18816K, reserved 1048576K
}
Event: 18.468 GC heap before
{Heap before GC invocations=57 (full 0):
 garbage-first heap   total 313344K, used 277740K [0x0000000700000000, 0x0000000800000000)
  region size 2048K, 32 young (65536K), 6 survivors (12288K)
 Metaspace       used 125205K, committed 127488K, reserved 1179648K
  class space    used 17736K, committed 18816K, reserved 1048576K
}
Event: 18.475 GC heap after
{Heap after GC invocations=58 (full 0):
 garbage-first heap   total 313344K, used 240856K [0x0000000700000000, 0x0000000800000000)
  region size 2048K, 4 young (8192K), 4 survivors (8192K)
 Metaspace       used 125205K, committed 127488K, reserved 1179648K
  class space    used 17736K, committed 18816K, reserved 1048576K
}
Event: 18.868 GC heap before
{Heap before GC invocations=59 (full 0):
 garbage-first heap   total 403456K, used 279768K [0x0000000700000000, 0x0000000800000000)
  region size 2048K, 24 young (49152K), 4 survivors (8192K)
 Metaspace       used 128351K, committed 130688K, reserved 1179648K
  class space    used 18194K, committed 19328K, reserved 1048576K
}
Event: 18.872 GC heap after
{Heap after GC invocations=60 (full 0):
 garbage-first heap   total 403456K, used 246725K [0x0000000700000000, 0x0000000800000000)
  region size 2048K, 3 young (6144K), 3 survivors (6144K)
 Metaspace       used 128351K, committed 130688K, reserved 1179648K
  class space    used 18194K, committed 19328K, reserved 1048576K
}
Event: 19.114 GC heap before
{Heap before GC invocations=60 (full 0):
 garbage-first heap   total 403456K, used 338885K [0x0000000700000000, 0x0000000800000000)
  region size 2048K, 48 young (98304K), 3 survivors (6144K)
 Metaspace       used 129055K, committed 131392K, reserved 1179648K
  class space    used 18259K, committed 19392K, reserved 1048576K
}
Event: 19.131 GC heap after
{Heap after GC invocations=61 (full 0):
 garbage-first heap   total 403456K, used 263883K [0x0000000700000000, 0x0000000800000000)
  region size 2048K, 6 young (12288K), 6 survivors (12288K)
 Metaspace       used 129055K, committed 131392K, reserved 1179648K
  class space    used 18259K, committed 19392K, reserved 1048576K
}
Event: 19.283 GC heap before
{Heap before GC invocations=61 (full 0):
 garbage-first heap   total 403456K, used 349899K [0x0000000700000000, 0x0000000800000000)
  region size 2048K, 48 young (98304K), 6 survivors (12288K)
 Metaspace       used 129057K, committed 131392K, reserved 1179648K
  class space    used 18259K, committed 19392K, reserved 1048576K
}
Event: 19.304 GC heap after
{Heap after GC invocations=62 (full 0):
 garbage-first heap   total 643072K, used 284932K [0x0000000700000000, 0x0000000800000000)
  region size 2048K, 6 young (12288K), 6 survivors (12288K)
 Metaspace       used 129057K, committed 131392K, reserved 1179648K
  class space    used 18259K, committed 19392K, reserved 1048576K
}
Event: 20.269 GC heap before
{Heap before GC invocations=63 (full 0):
 garbage-first heap   total 643072K, used 506116K [0x0000000700000000, 0x0000000800000000)
  region size 2048K, 114 young (233472K), 6 survivors (12288K)
 Metaspace       used 131367K, committed 133696K, reserved 1179648K
  class space    used 18603K, committed 19776K, reserved 1048576K
}
Event: 20.316 GC heap after
{Heap after GC invocations=64 (full 0):
 garbage-first heap   total 643072K, used 330784K [0x0000000700000000, 0x0000000800000000)
  region size 2048K, 15 young (30720K), 15 survivors (30720K)
 Metaspace       used 131367K, committed 133696K, reserved 1179648K
  class space    used 18603K, committed 19776K, reserved 1048576K
}
Event: 20.747 GC heap before
{Heap before GC invocations=64 (full 0):
 garbage-first heap   total 643072K, used 517152K [0x0000000700000000, 0x0000000800000000)
  region size 2048K, 106 young (217088K), 15 survivors (30720K)
 Metaspace       used 131367K, committed 133696K, reserved 1179648K
  class space    used 18603K, committed 19776K, reserved 1048576K
}
Event: 20.791 GC heap after
{Heap after GC invocations=65 (full 0):
 garbage-first heap   total 643072K, used 371608K [0x0000000700000000, 0x0000000800000000)
  region size 2048K, 14 young (28672K), 14 survivors (28672K)
 Metaspace       used 131367K, committed 133696K, reserved 1179648K
  class space    used 18603K, committed 19776K, reserved 1048576K
}
Event: 21.135 GC heap before
{Heap before GC invocations=65 (full 0):
 garbage-first heap   total 643072K, used 539544K [0x0000000700000000, 0x0000000800000000)
  region size 2048K, 96 young (196608K), 14 survivors (28672K)
 Metaspace       used 131367K, committed 133696K, reserved 1179648K
  class space    used 18603K, committed 19776K, reserved 1048576K
}
Event: 21.168 GC heap after
{Heap after GC invocations=66 (full 0):
 garbage-first heap   total 643072K, used 413290K [0x0000000700000000, 0x0000000800000000)
  region size 2048K, 12 young (24576K), 12 survivors (24576K)
 Metaspace       used 131367K, committed 133696K, reserved 1179648K
  class space    used 18603K, committed 19776K, reserved 1048576K
}
Event: 21.405 GC heap before
{Heap before GC invocations=66 (full 0):
 garbage-first heap   total 690176K, used 556650K [0x0000000700000000, 0x0000000800000000)
  region size 2048K, 82 young (167936K), 12 survivors (24576K)
 Metaspace       used 131367K, committed 133696K, reserved 1179648K
  class space    used 18603K, committed 19776K, reserved 1048576K
}
Event: 21.433 GC heap after
{Heap after GC invocations=67 (full 0):
 garbage-first heap   total 690176K, used 448126K [0x0000000700000000, 0x0000000800000000)
  region size 2048K, 11 young (22528K), 11 survivors (22528K)
 Metaspace       used 131367K, committed 133696K, reserved 1179648K
  class space    used 18603K, committed 19776K, reserved 1048576K
}
Event: 21.567 GC heap before
{Heap before GC invocations=68 (full 0):
 garbage-first heap   total 690176K, used 603774K [0x0000000700000000, 0x0000000800000000)
  region size 2048K, 87 young (178176K), 11 survivors (22528K)
 Metaspace       used 131367K, committed 133696K, reserved 1179648K
  class space    used 18603K, committed 19776K, reserved 1048576K
}

