# JRE version: Java(TM) SE Runtime Environment (17.0.12+8) (build 17.0.12+8-LTS-286)
# Java VM: Java HotSpot(TM) 64-Bit Server VM (17.0.12+8-LTS-286, mixed mode, sharing, tiered, compressed oops, compressed class ptrs, g1 gc, windows-amd64)
GC Precious Log:
 CPUs: 12 total, 12 available
 Memory: 7521M
 Large Page Support: Disabled
 NUMA Support: Disabled
 Compressed Oops: Enabled (32-bit)
 Heap Region Size: 1M
 Heap Min Capacity: 8M
 Heap Initial Capacity: 118M
 Heap Max Capacity: 1536M
 Pre-touch: Disabled
 Parallel Workers: 10
 Concurrent Workers: 3
 Concurrent Refinement Workers: 10
 Periodic GC: Disabled
Heap:
 garbage-first heap   total 470016K, used 378880K [0x00000000a0000000, 0x0000000100000000)
  region size 1024K, 36 young (36864K), 7 survivors (7168K)
 Metaspace       used 103640K, committed 104576K, reserved 1179648K
  class space    used 14681K, committed 15168K, reserved 1048576K
GC Heap History (20 events):
Event: 34.100 GC heap before
{Heap before GC invocations=68 (full 0):
 garbage-first heap   total 191488K, used 186109K [0x00000000a0000000, 0x0000000100000000)
  region size 1024K, 3 young (3072K), 2 survivors (2048K)
 Metaspace       used 97358K, committed 98240K, reserved 1179648K
  class space    used 13590K, committed 14016K, reserved 1048576K
}
Event: 34.101 GC heap after
{Heap after GC invocations=69 (full 0):
 garbage-first heap   total 191488K, used 187275K [0x00000000a0000000, 0x0000000100000000)
  region size 1024K, 1 young (1024K), 1 survivors (1024K)
 Metaspace       used 97358K, committed 98240K, reserved 1179648K
  class space    used 13590K, committed 14016K, reserved 1048576K
}
Event: 34.104 GC heap before
{Heap before GC invocations=69 (full 0):
 garbage-first heap   total 191488K, used 187275K [0x00000000a0000000, 0x0000000100000000)
  region size 1024K, 2 young (2048K), 1 survivors (1024K)
 Metaspace       used 97358K, committed 98240K, reserved 1179648K
  class space    used 13590K, committed 14016K, reserved 1048576K
}
Event: 34.105 GC heap after
{Heap after GC invocations=70 (full 0):
 garbage-first heap   total 191488K, used 187610K [0x00000000a0000000, 0x0000000100000000)
  region size 1024K, 2 young (2048K), 2 survivors (2048K)
 Metaspace       used 97358K, committed 98240K, reserved 1179648K
  class space    used 13590K, committed 14016K, reserved 1048576K
}
Event: 34.107 GC heap before
{Heap before GC invocations=70 (full 0):
 garbage-first heap   total 191488K, used 189658K [0x00000000a0000000, 0x0000000100000000)
  region size 1024K, 2 young (2048K), 2 survivors (2048K)
 Metaspace       used 97358K, committed 98240K, reserved 1179648K
  class space    used 13590K, committed 14016K, reserved 1048576K
}
Event: 34.108 GC heap after
{Heap after GC invocations=71 (full 0):
 garbage-first heap   total 192512K, used 189647K [0x00000000a0000000, 0x0000000100000000)
  region size 1024K, 1 young (1024K), 1 survivors (1024K)
 Metaspace       used 97358K, committed 98240K, reserved 1179648K
  class space    used 13590K, committed 14016K, reserved 1048576K
}
Event: 34.110 GC heap before
{Heap before GC invocations=71 (full 0):
 garbage-first heap   total 192512K, used 189647K [0x00000000a0000000, 0x0000000100000000)
  region size 1024K, 2 young (2048K), 1 survivors (1024K)
 Metaspace       used 97358K, committed 98240K, reserved 1179648K
  class space    used 13590K, committed 14016K, reserved 1048576K
}
Event: 34.111 GC heap after
{Heap after GC invocations=72 (full 0):
 garbage-first heap   total 192512K, used 190064K [0x00000000a0000000, 0x0000000100000000)
  region size 1024K, 1 young (1024K), 1 survivors (1024K)
 Metaspace       used 97358K, committed 98240K, reserved 1179648K
  class space    used 13590K, committed 14016K, reserved 1048576K
}
Event: 34.113 GC heap before
{Heap before GC invocations=72 (full 0):
 garbage-first heap   total 192512K, used 191088K [0x00000000a0000000, 0x0000000100000000)
  region size 1024K, 1 young (1024K), 1 survivors (1024K)
 Metaspace       used 97358K, committed 98240K, reserved 1179648K
  class space    used 13590K, committed 14016K, reserved 1048576K
}
Event: 34.115 GC heap after
{Heap after GC invocations=73 (full 0):
 garbage-first heap   total 470016K, used 191092K [0x00000000a0000000, 0x0000000100000000)
  region size 1024K, 1 young (1024K), 1 survivors (1024K)
 Metaspace       used 97358K, committed 98240K, reserved 1179648K
  class space    used 13590K, committed 14016K, reserved 1048576K
}
Event: 34.831 GC heap before
{Heap before GC invocations=74 (full 0):
 garbage-first heap   total 470016K, used 426612K [0x00000000a0000000, 0x0000000100000000)
  region size 1024K, 81 young (82944K), 1 survivors (1024K)
 Metaspace       used 100859K, committed 101760K, reserved 1179648K
  class space    used 14095K, committed 14528K, reserved 1048576K
}
Event: 34.845 GC heap after
{Heap after GC invocations=75 (full 0):
 garbage-first heap   total 470016K, used 284924K [0x00000000a0000000, 0x0000000100000000)
  region size 1024K, 15 young (15360K), 15 survivors (15360K)
 Metaspace       used 100859K, committed 101760K, reserved 1179648K
  class space    used 14095K, committed 14528K, reserved 1048576K
}
Event: 34.898 GC heap before
{Heap before GC invocations=75 (full 0):
 garbage-first heap   total 470016K, used 292092K [0x00000000a0000000, 0x0000000100000000)
  region size 1024K, 22 young (22528K), 15 survivors (15360K)
 Metaspace       used 100860K, committed 101760K, reserved 1179648K
  class space    used 14095K, committed 14528K, reserved 1048576K
}
Event: 34.908 GC heap after
{Heap after GC invocations=76 (full 0):
 garbage-first heap   total 470016K, used 284950K [0x00000000a0000000, 0x0000000100000000)
  region size 1024K, 3 young (3072K), 3 survivors (3072K)
 Metaspace       used 100860K, committed 101760K, reserved 1179648K
  class space    used 14095K, committed 14528K, reserved 1048576K
}
Event: 35.454 GC heap before
{Heap before GC invocations=76 (full 0):
 garbage-first heap   total 470016K, used 367894K [0x00000000a0000000, 0x0000000100000000)
  region size 1024K, 73 young (74752K), 3 survivors (3072K)
 Metaspace       used 100861K, committed 101760K, reserved 1179648K
  class space    used 14095K, committed 14528K, reserved 1048576K
}
Event: 35.471 GC heap after
{Heap after GC invocations=77 (full 0):
 garbage-first heap   total 470016K, used 315371K [0x00000000a0000000, 0x0000000100000000)
  region size 1024K, 10 young (10240K), 10 survivors (10240K)
 Metaspace       used 100861K, committed 101760K, reserved 1179648K
  class space    used 14095K, committed 14528K, reserved 1048576K
}
Event: 35.628 GC heap before
{Heap before GC invocations=77 (full 0):
 garbage-first heap   total 470016K, used 371691K [0x00000000a0000000, 0x0000000100000000)
  region size 1024K, 63 young (64512K), 10 survivors (10240K)
 Metaspace       used 100878K, committed 101760K, reserved 1179648K
  class space    used 14096K, committed 14528K, reserved 1048576K
}
Event: 35.653 GC heap after
{Heap after GC invocations=78 (full 0):
 garbage-first heap   total 470016K, used 339220K [0x00000000a0000000, 0x0000000100000000)
  region size 1024K, 8 young (8192K), 8 survivors (8192K)
 Metaspace       used 100878K, committed 101760K, reserved 1179648K
  class space    used 14096K, committed 14528K, reserved 1048576K
}
Event: 35.942 GC heap before
{Heap before GC invocations=78 (full 0):
 garbage-first heap   total 470016K, used 384276K [0x00000000a0000000, 0x0000000100000000)
  region size 1024K, 49 young (50176K), 8 survivors (8192K)
 Metaspace       used 103473K, committed 104448K, reserved 1179648K
  class space    used 14675K, committed 15168K, reserved 1048576K
}
Event: 35.961 GC heap after
{Heap after GC invocations=79 (full 0):
 garbage-first heap   total 470016K, used 354304K [0x00000000a0000000, 0x0000000100000000)
  region size 1024K, 7 young (7168K), 7 survivors (7168K)
 Metaspace       used 103473K, committed 104448K, reserved 1179648K
  class space    used 14675K, committed 15168K, reserved 1048576K
}

