# JRE version: OpenJDK Runtime Environment (21.0.8) (build 21.0.8+-14196175-b1038.72)
# Java VM: OpenJDK 64-Bit Server VM (21.0.8+-14196175-b1038.72, mixed mode, tiered, compressed oops, compressed class ptrs, g1 gc, windows-amd64)
GC Precious Log:
 CardTable entry size: 512
 Card Set container configuration: InlinePtr #cards 4 size 8 Array Of Cards #cards 16 size 48 Howl #buckets 8 coarsen threshold 3686 Howl Bitmap #cards 512 size 80 coarsen threshold 460 Card regions per heap region 1 cards per card region 4096
 CPUs: 12 total, 12 available
 Memory: 7521M
 Large Page Support: Disabled
 NUMA Support: Disabled
 Compressed Oops: Enabled (Zero based)
 Heap Region Size: 2M
 Heap Min Capacity: 8M
 Heap Initial Capacity: 118M
 Heap Max Capacity: 4G
 Pre-touch: Disabled
 Parallel Workers: 10
 Concurrent Workers: 3
 Concurrent Refinement Workers: 10
 Periodic GC: Disabled
Heap:
 garbage-first heap   total 376832K, used 272345K [0x0000000700000000, 0x0000000800000000)
  region size 2048K, 6 young (12288K), 6 survivors (12288K)
 Metaspace       used 129063K, committed 131392K, reserved 1179648K
  class space    used 18260K, committed 19392K, reserved 1048576K
GC Heap History (20 events):
Event: 19.344 GC heap after
{Heap after GC invocations=52 (full 0):
 garbage-first heap   total 243712K, used 137498K [0x0000000700000000, 0x0000000800000000)
  region size 2048K, 6 young (12288K), 6 survivors (12288K)
 Metaspace       used 119855K, committed 122112K, reserved 1179648K
  class space    used 17012K, committed 18112K, reserved 1048576K
}
Event: 19.936 GC heap before
{Heap before GC invocations=53 (full 0):
 garbage-first heap   total 243712K, used 211226K [0x0000000700000000, 0x0000000800000000)
  region size 2048K, 43 young (88064K), 6 survivors (12288K)
 Metaspace       used 120008K, committed 122240K, reserved 1179648K
  class space    used 17022K, committed 18112K, reserved 1048576K
}
Event: 19.942 GC heap after
{Heap after GC invocations=54 (full 0):
 garbage-first heap   total 243712K, used 139678K [0x0000000700000000, 0x0000000800000000)
  region size 2048K, 4 young (8192K), 4 survivors (8192K)
 Metaspace       used 120008K, committed 122240K, reserved 1179648K
  class space    used 17022K, committed 18112K, reserved 1048576K
}
Event: 20.940 GC heap before
{Heap before GC invocations=54 (full 0):
 garbage-first heap   total 243712K, used 219550K [0x0000000700000000, 0x0000000800000000)
  region size 2048K, 43 young (88064K), 4 survivors (8192K)
 Metaspace       used 121972K, committed 124224K, reserved 1179648K
  class space    used 17285K, committed 18368K, reserved 1048576K
}
Event: 20.948 GC heap after
{Heap after GC invocations=55 (full 0):
 garbage-first heap   total 243712K, used 142430K [0x0000000700000000, 0x0000000800000000)
  region size 2048K, 5 young (10240K), 5 survivors (10240K)
 Metaspace       used 121972K, committed 124224K, reserved 1179648K
  class space    used 17285K, committed 18368K, reserved 1048576K
}
Event: 21.459 GC heap before
{Heap before GC invocations=55 (full 0):
 garbage-first heap   total 243712K, used 216158K [0x0000000700000000, 0x0000000800000000)
  region size 2048K, 41 young (83968K), 5 survivors (10240K)
 Metaspace       used 124495K, committed 126784K, reserved 1179648K
  class space    used 17631K, committed 18688K, reserved 1048576K
}
Event: 21.465 GC heap after
{Heap after GC invocations=56 (full 0):
 garbage-first heap   total 243712K, used 146706K [0x0000000700000000, 0x0000000800000000)
  region size 2048K, 6 young (12288K), 6 survivors (12288K)
 Metaspace       used 124495K, committed 126784K, reserved 1179648K
  class space    used 17631K, committed 18688K, reserved 1048576K
}
Event: 21.875 GC heap before
{Heap before GC invocations=57 (full 0):
 garbage-first heap   total 249856K, used 216338K [0x0000000700000000, 0x0000000800000000)
  region size 2048K, 39 young (79872K), 6 survivors (12288K)
 Metaspace       used 125207K, committed 127424K, reserved 1179648K
  class space    used 17738K, committed 18816K, reserved 1048576K
}
Event: 21.883 GC heap after
{Heap after GC invocations=58 (full 0):
 garbage-first heap   total 249856K, used 159765K [0x0000000700000000, 0x0000000800000000)
  region size 2048K, 5 young (10240K), 5 survivors (10240K)
 Metaspace       used 125207K, committed 127424K, reserved 1179648K
  class space    used 17738K, committed 18816K, reserved 1048576K
}
Event: 22.008 GC heap before
{Heap before GC invocations=58 (full 0):
 garbage-first heap   total 249856K, used 223253K [0x0000000700000000, 0x0000000800000000)
  region size 2048K, 36 young (73728K), 5 survivors (10240K)
 Metaspace       used 125207K, committed 127424K, reserved 1179648K
  class space    used 17738K, committed 18816K, reserved 1048576K
}
Event: 22.018 GC heap after
{Heap after GC invocations=59 (full 0):
 garbage-first heap   total 307200K, used 177877K [0x0000000700000000, 0x0000000800000000)
  region size 2048K, 5 young (10240K), 5 survivors (10240K)
 Metaspace       used 125207K, committed 127424K, reserved 1179648K
  class space    used 17738K, committed 18816K, reserved 1048576K
}
Event: 22.226 GC heap before
{Heap before GC invocations=59 (full 0):
 garbage-first heap   total 307200K, used 270037K [0x0000000700000000, 0x0000000800000000)
  region size 2048K, 50 young (102400K), 5 survivors (10240K)
 Metaspace       used 125207K, committed 127424K, reserved 1179648K
  class space    used 17738K, committed 18816K, reserved 1048576K
}
Event: 22.235 GC heap after
{Heap after GC invocations=60 (full 0):
 garbage-first heap   total 307200K, used 204800K [0x0000000700000000, 0x0000000800000000)
  region size 2048K, 7 young (14336K), 7 survivors (14336K)
 Metaspace       used 125207K, committed 127424K, reserved 1179648K
  class space    used 17738K, committed 18816K, reserved 1048576K
}
Event: 22.347 GC heap before
{Heap before GC invocations=60 (full 0):
 garbage-first heap   total 307200K, used 270336K [0x0000000700000000, 0x0000000800000000)
  region size 2048K, 39 young (79872K), 7 survivors (14336K)
 Metaspace       used 125207K, committed 127424K, reserved 1179648K
  class space    used 17738K, committed 18816K, reserved 1048576K
}
Event: 22.355 GC heap after
{Heap after GC invocations=61 (full 0):
 garbage-first heap   total 307200K, used 225280K [0x0000000700000000, 0x0000000800000000)
  region size 2048K, 5 young (10240K), 5 survivors (10240K)
 Metaspace       used 125207K, committed 127424K, reserved 1179648K
  class space    used 17738K, committed 18816K, reserved 1048576K
}
Event: 22.450 GC heap before
{Heap before GC invocations=62 (full 0):
 garbage-first heap   total 376832K, used 274432K [0x0000000700000000, 0x0000000800000000)
  region size 2048K, 29 young (59392K), 5 survivors (10240K)
 Metaspace       used 125207K, committed 127424K, reserved 1179648K
  class space    used 17738K, committed 18816K, reserved 1048576K
}
Event: 22.457 GC heap after
{Heap after GC invocations=63 (full 0):
 garbage-first heap   total 376832K, used 241295K [0x0000000700000000, 0x0000000800000000)
  region size 2048K, 4 young (8192K), 4 survivors (8192K)
 Metaspace       used 125207K, committed 127424K, reserved 1179648K
  class space    used 17738K, committed 18816K, reserved 1048576K
}
Event: 22.991 GC heap before
{Heap before GC invocations=63 (full 0):
 garbage-first heap   total 376832K, used 321167K [0x0000000700000000, 0x0000000800000000)
  region size 2048K, 44 young (90112K), 4 survivors (8192K)
 Metaspace       used 129062K, committed 131392K, reserved 1179648K
  class space    used 18260K, committed 19392K, reserved 1048576K
}
Event: 23.001 GC heap after
{Heap after GC invocations=64 (full 0):
 garbage-first heap   total 376832K, used 252597K [0x0000000700000000, 0x0000000800000000)
  region size 2048K, 6 young (12288K), 6 survivors (12288K)
 Metaspace       used 129062K, committed 131392K, reserved 1179648K
  class space    used 18260K, committed 19392K, reserved 1048576K
}
Event: 23.118 GC heap before
{Heap before GC invocations=64 (full 0):
 garbage-first heap   total 376832K, used 330421K [0x0000000700000000, 0x0000000800000000)
  region size 2048K, 44 young (90112K), 6 survivors (12288K)
 Metaspace       used 129063K, committed 131392K, reserved 1179648K
  class space    used 18260K, committed 19392K, reserved 1048576K
}

