# JRE version: OpenJDK Runtime Environment (21.0.8) (build 21.0.8+-14196175-b1038.72)
# Java VM: OpenJDK 64-Bit Server VM (21.0.8+-14196175-b1038.72, mixed mode, tiered, compressed oops, compressed class ptrs, g1 gc, windows-amd64)
GC Precious Log:
 CardTable entry size: 512
 Card Set container configuration: InlinePtr #cards 4 size 8 Array Of Cards #cards 16 size 48 Howl #buckets 8 coarsen threshold 3686 Howl Bitmap #cards 512 size 80 coarsen threshold 460 Card regions per heap region 1 cards per card region 4096
 CPUs: 12 total, 12 available
 Memory: 7521M
 Large Page Support: Disabled
 NUMA Support: Disabled
 Compressed Oops: Enabled (Zero based)
 Heap Region Size: 2M
 Heap Min Capacity: 8M
 Heap Initial Capacity: 118M
 Heap Max Capacity: 4G
 Pre-touch: Disabled
 Parallel Workers: 10
 Concurrent Workers: 3
 Concurrent Refinement Workers: 10
 Periodic GC: Disabled
Heap:
 garbage-first heap   total 423936K, used 284669K [0x0000000700000000, 0x0000000800000000)
  region size 2048K, 7 young (14336K), 7 survivors (14336K)
 Metaspace       used 129047K, committed 131456K, reserved 1179648K
  class space    used 18267K, committed 19456K, reserved 1048576K
GC Heap History (20 events):
Event: 15.567 GC heap after
{Heap after GC invocations=49 (full 0):
 garbage-first heap   total 235520K, used 141484K [0x0000000700000000, 0x0000000800000000)
  region size 2048K, 4 young (8192K), 4 survivors (8192K)
 Metaspace       used 119939K, committed 122240K, reserved 1179648K
  class space    used 17030K, committed 18176K, reserved 1048576K
}
Event: 16.044 GC heap before
{Heap before GC invocations=49 (full 0):
 garbage-first heap   total 235520K, used 209068K [0x0000000700000000, 0x0000000800000000)
  region size 2048K, 38 young (77824K), 4 survivors (8192K)
 Metaspace       used 120092K, committed 122368K, reserved 1179648K
  class space    used 17040K, committed 18176K, reserved 1048576K
}
Event: 16.051 GC heap after
{Heap after GC invocations=50 (full 0):
 garbage-first heap   total 235520K, used 140866K [0x0000000700000000, 0x0000000800000000)
  region size 2048K, 4 young (8192K), 4 survivors (8192K)
 Metaspace       used 120092K, committed 122368K, reserved 1179648K
  class space    used 17040K, committed 18176K, reserved 1048576K
}
Event: 16.891 GC heap before
{Heap before GC invocations=50 (full 0):
 garbage-first heap   total 235520K, used 208450K [0x0000000700000000, 0x0000000800000000)
  region size 2048K, 38 young (77824K), 4 survivors (8192K)
 Metaspace       used 122532K, committed 124864K, reserved 1179648K
  class space    used 17353K, committed 18496K, reserved 1048576K
}
Event: 16.896 GC heap after
{Heap after GC invocations=51 (full 0):
 garbage-first heap   total 282624K, used 144890K [0x0000000700000000, 0x0000000800000000)
  region size 2048K, 4 young (8192K), 4 survivors (8192K)
 Metaspace       used 122532K, committed 124864K, reserved 1179648K
  class space    used 17353K, committed 18496K, reserved 1048576K
}
Event: 17.734 GC heap before
{Heap before GC invocations=52 (full 0):
 garbage-first heap   total 282624K, used 257530K [0x0000000700000000, 0x0000000800000000)
  region size 2048K, 59 young (120832K), 4 survivors (8192K)
 Metaspace       used 125182K, committed 127488K, reserved 1179648K
  class space    used 17745K, committed 18880K, reserved 1048576K
}
Event: 17.742 GC heap after
{Heap after GC invocations=53 (full 0):
 garbage-first heap   total 282624K, used 155188K [0x0000000700000000, 0x0000000800000000)
  region size 2048K, 8 young (16384K), 8 survivors (16384K)
 Metaspace       used 125182K, committed 127488K, reserved 1179648K
  class space    used 17745K, committed 18880K, reserved 1048576K
}
Event: 17.924 GC heap before
{Heap before GC invocations=53 (full 0):
 garbage-first heap   total 282624K, used 249396K [0x0000000700000000, 0x0000000800000000)
  region size 2048K, 54 young (110592K), 8 survivors (16384K)
 Metaspace       used 125194K, committed 127552K, reserved 1179648K
  class space    used 17745K, committed 18880K, reserved 1048576K
}
Event: 17.940 GC heap after
{Heap after GC invocations=54 (full 0):
 garbage-first heap   total 296960K, used 179807K [0x0000000700000000, 0x0000000800000000)
  region size 2048K, 7 young (14336K), 7 survivors (14336K)
 Metaspace       used 125194K, committed 127552K, reserved 1179648K
  class space    used 17745K, committed 18880K, reserved 1048576K
}
Event: 18.093 GC heap before
{Heap before GC invocations=54 (full 0):
 garbage-first heap   total 296960K, used 259679K [0x0000000700000000, 0x0000000800000000)
  region size 2048K, 46 young (94208K), 7 survivors (14336K)
 Metaspace       used 125194K, committed 127552K, reserved 1179648K
  class space    used 17745K, committed 18880K, reserved 1048576K
}
Event: 18.102 GC heap after
{Heap after GC invocations=55 (full 0):
 garbage-first heap   total 299008K, used 204800K [0x0000000700000000, 0x0000000800000000)
  region size 2048K, 6 young (12288K), 6 survivors (12288K)
 Metaspace       used 125194K, committed 127552K, reserved 1179648K
  class space    used 17745K, committed 18880K, reserved 1048576K
}
Event: 18.237 GC heap before
{Heap before GC invocations=56 (full 0):
 garbage-first heap   total 342016K, used 264192K [0x0000000700000000, 0x0000000800000000)
  region size 2048K, 35 young (71680K), 6 survivors (12288K)
 Metaspace       used 125194K, committed 127552K, reserved 1179648K
  class space    used 17745K, committed 18880K, reserved 1048576K
}
Event: 18.245 GC heap after
{Heap after GC invocations=57 (full 0):
 garbage-first heap   total 342016K, used 223052K [0x0000000700000000, 0x0000000800000000)
  region size 2048K, 5 young (10240K), 5 survivors (10240K)
 Metaspace       used 125194K, committed 127552K, reserved 1179648K
  class space    used 17745K, committed 18880K, reserved 1048576K
}
Event: 18.392 GC heap before
{Heap before GC invocations=57 (full 0):
 garbage-first heap   total 342016K, used 296780K [0x0000000700000000, 0x0000000800000000)
  region size 2048K, 41 young (83968K), 5 survivors (10240K)
 Metaspace       used 125414K, committed 127744K, reserved 1179648K
  class space    used 17773K, committed 18880K, reserved 1048576K
}
Event: 18.401 GC heap after
{Heap after GC invocations=58 (full 0):
 garbage-first heap   total 342016K, used 243206K [0x0000000700000000, 0x0000000800000000)
  region size 2048K, 6 young (12288K), 6 survivors (12288K)
 Metaspace       used 125414K, committed 127744K, reserved 1179648K
  class space    used 17773K, committed 18880K, reserved 1048576K
}
Event: 18.876 GC heap before
{Heap before GC invocations=58 (full 0):
 garbage-first heap   total 342016K, used 302598K [0x0000000700000000, 0x0000000800000000)
  region size 2048K, 35 young (71680K), 6 survivors (12288K)
 Metaspace       used 129047K, committed 131456K, reserved 1179648K
  class space    used 18267K, committed 19456K, reserved 1048576K
}
Event: 18.883 GC heap after
{Heap after GC invocations=59 (full 0):
 garbage-first heap   total 342016K, used 252839K [0x0000000700000000, 0x0000000800000000)
  region size 2048K, 4 young (8192K), 4 survivors (8192K)
 Metaspace       used 129047K, committed 131456K, reserved 1179648K
  class space    used 18267K, committed 19456K, reserved 1048576K
}
Event: 19.064 GC heap before
{Heap before GC invocations=60 (full 0):
 garbage-first heap   total 423936K, used 308135K [0x0000000700000000, 0x0000000800000000)
  region size 2048K, 31 young (63488K), 4 survivors (8192K)
 Metaspace       used 129047K, committed 131456K, reserved 1179648K
  class space    used 18267K, committed 19456K, reserved 1048576K
}
Event: 19.078 GC heap after
{Heap after GC invocations=61 (full 0):
 garbage-first heap   total 423936K, used 266240K [0x0000000700000000, 0x0000000800000000)
  region size 2048K, 4 young (8192K), 4 survivors (8192K)
 Metaspace       used 129047K, committed 131456K, reserved 1179648K
  class space    used 18267K, committed 19456K, reserved 1048576K
}
Event: 19.303 GC heap before
{Heap before GC invocations=61 (full 0):
 garbage-first heap   total 423936K, used 368640K [0x0000000700000000, 0x0000000800000000)
  region size 2048K, 54 young (110592K), 4 survivors (8192K)
 Metaspace       used 129047K, committed 131456K, reserved 1179648K
  class space    used 18267K, committed 19456K, reserved 1048576K
}

