# JRE version: OpenJDK Runtime Environment (21.0.8) (build 21.0.8+-14196175-b1038.72)
# Java VM: OpenJDK 64-Bit Server VM (21.0.8+-14196175-b1038.72, mixed mode, tiered, compressed oops, compressed class ptrs, g1 gc, windows-amd64)
GC Precious Log:
 CardTable entry size: 512
 Card Set container configuration: InlinePtr #cards 4 size 8 Array Of Cards #cards 16 size 48 Howl #buckets 8 coarsen threshold 3686 Howl Bitmap #cards 512 size 80 coarsen threshold 460 Card regions per heap region 1 cards per card region 4096
 CPUs: 12 total, 12 available
 Memory: 7521M
 Large Page Support: Disabled
 NUMA Support: Disabled
 Compressed Oops: Enabled (Zero based)
 Heap Region Size: 2M
 Heap Min Capacity: 8M
 Heap Initial Capacity: 118M
 Heap Max Capacity: 4G
 Pre-touch: Disabled
 Parallel Workers: 10
 Concurrent Workers: 3
 Concurrent Refinement Workers: 10
 Periodic GC: Disabled
Heap:
 garbage-first heap   total 1046528K, used 683027K [0x0000000700000000, 0x0000000800000000)
  region size 2048K, 9 young (18432K), 9 survivors (18432K)
 Metaspace       used 195377K, committed 198144K, reserved 1245184K
  class space    used 26880K, committed 28224K, reserved 1048576K
GC Heap History (20 events):
Event: 298.515 GC heap after
{Heap after GC invocations=119 (full 0):
 garbage-first heap   total 878592K, used 312417K [0x0000000700000000, 0x0000000800000000)
  region size 2048K, 22 young (45056K), 22 survivors (45056K)
 Metaspace       used 195318K, committed 198080K, reserved 1245184K
  class space    used 26879K, committed 28224K, reserved 1048576K
}
Event: 298.846 GC heap before
{Heap before GC invocations=119 (full 0):
 garbage-first heap   total 878592K, used 783457K [0x0000000700000000, 0x0000000800000000)
  region size 2048K, 253 young (518144K), 22 survivors (45056K)
 Metaspace       used 195324K, committed 198080K, reserved 1245184K
  class space    used 26879K, committed 28224K, reserved 1048576K
}
Event: 298.866 GC heap after
{Heap after GC invocations=120 (full 0):
 garbage-first heap   total 878592K, used 310984K [0x0000000700000000, 0x0000000800000000)
  region size 2048K, 12 young (24576K), 12 survivors (24576K)
 Metaspace       used 195324K, committed 198080K, reserved 1245184K
  class space    used 26879K, committed 28224K, reserved 1048576K
}
Event: 299.348 GC heap before
{Heap before GC invocations=121 (full 0):
 garbage-first heap   total 878592K, used 810696K [0x0000000700000000, 0x0000000800000000)
  region size 2048K, 254 young (520192K), 12 survivors (24576K)
 Metaspace       used 195333K, committed 198080K, reserved 1245184K
  class space    used 26879K, committed 28224K, reserved 1048576K
}
Event: 299.357 GC heap after
{Heap after GC invocations=122 (full 0):
 garbage-first heap   total 878592K, used 307547K [0x0000000700000000, 0x0000000800000000)
  region size 2048K, 9 young (18432K), 9 survivors (18432K)
 Metaspace       used 195333K, committed 198080K, reserved 1245184K
  class space    used 26879K, committed 28224K, reserved 1048576K
}
Event: 299.765 GC heap before
{Heap before GC invocations=122 (full 0):
 garbage-first heap   total 878592K, used 813403K [0x0000000700000000, 0x0000000800000000)
  region size 2048K, 256 young (524288K), 9 survivors (18432K)
 Metaspace       used 195335K, committed 198080K, reserved 1245184K
  class space    used 26879K, committed 28224K, reserved 1048576K
}
Event: 299.794 GC heap after
{Heap after GC invocations=123 (full 0):
 garbage-first heap   total 886784K, used 349329K [0x0000000700000000, 0x0000000800000000)
  region size 2048K, 32 young (65536K), 32 survivors (65536K)
 Metaspace       used 195335K, committed 198080K, reserved 1245184K
  class space    used 26879K, committed 28224K, reserved 1048576K
}
Event: 300.119 GC heap before
{Heap before GC invocations=123 (full 0):
 garbage-first heap   total 886784K, used 773265K [0x0000000700000000, 0x0000000800000000)
  region size 2048K, 239 young (489472K), 32 survivors (65536K)
 Metaspace       used 195337K, committed 198080K, reserved 1245184K
  class space    used 26879K, committed 28224K, reserved 1048576K
}
Event: 300.154 GC heap after
{Heap after GC invocations=124 (full 0):
 garbage-first heap   total 1026048K, used 403456K [0x0000000700000000, 0x0000000800000000)
  region size 2048K, 25 young (51200K), 25 survivors (51200K)
 Metaspace       used 195337K, committed 198080K, reserved 1245184K
  class space    used 26879K, committed 28224K, reserved 1048576K
}
Event: 300.648 GC heap before
{Heap before GC invocations=125 (full 0):
 garbage-first heap   total 1026048K, used 909312K [0x0000000700000000, 0x0000000800000000)
  region size 2048K, 276 young (565248K), 25 survivors (51200K)
 Metaspace       used 195341K, committed 198080K, reserved 1245184K
  class space    used 26879K, committed 28224K, reserved 1048576K
}
Event: 300.693 GC heap after
{Heap after GC invocations=126 (full 0):
 garbage-first heap   total 1026048K, used 454478K [0x0000000700000000, 0x0000000800000000)
  region size 2048K, 31 young (63488K), 31 survivors (63488K)
 Metaspace       used 195341K, committed 198080K, reserved 1245184K
  class space    used 26879K, committed 28224K, reserved 1048576K
}
Event: 300.932 GC heap before
{Heap before GC invocations=126 (full 0):
 garbage-first heap   total 1026048K, used 909134K [0x0000000700000000, 0x0000000800000000)
  region size 2048K, 253 young (518144K), 31 survivors (63488K)
 Metaspace       used 195341K, committed 198080K, reserved 1245184K
  class space    used 26879K, committed 28224K, reserved 1048576K
}
Event: 300.988 GC heap after
{Heap after GC invocations=127 (full 0):
 garbage-first heap   total 1036288K, used 506749K [0x0000000700000000, 0x0000000800000000)
  region size 2048K, 31 young (63488K), 31 survivors (63488K)
 Metaspace       used 195341K, committed 198080K, reserved 1245184K
  class space    used 26879K, committed 28224K, reserved 1048576K
}
Event: 301.268 GC heap before
{Heap before GC invocations=127 (full 0):
 garbage-first heap   total 1036288K, used 918397K [0x0000000700000000, 0x0000000800000000)
  region size 2048K, 232 young (475136K), 31 survivors (63488K)
 Metaspace       used 195357K, committed 198080K, reserved 1245184K
  class space    used 26879K, committed 28224K, reserved 1048576K
}
Event: 301.324 GC heap after
{Heap after GC invocations=128 (full 0):
 garbage-first heap   total 1042432K, used 567296K [0x0000000700000000, 0x0000000800000000)
  region size 2048K, 29 young (59392K), 29 survivors (59392K)
 Metaspace       used 195357K, committed 198080K, reserved 1245184K
  class space    used 26879K, committed 28224K, reserved 1048576K
}
Event: 301.626 GC heap before
{Heap before GC invocations=129 (full 0):
 garbage-first heap   total 1042432K, used 929792K [0x0000000700000000, 0x0000000800000000)
  region size 2048K, 206 young (421888K), 29 survivors (59392K)
 Metaspace       used 195375K, committed 198144K, reserved 1245184K
  class space    used 26880K, committed 28224K, reserved 1048576K
}
Event: 301.671 GC heap after
{Heap after GC invocations=130 (full 0):
 garbage-first heap   total 1044480K, used 620544K [0x0000000700000000, 0x0000000800000000)
  region size 2048K, 24 young (49152K), 24 survivors (49152K)
 Metaspace       used 195375K, committed 198144K, reserved 1245184K
  class space    used 26880K, committed 28224K, reserved 1048576K
}
Event: 301.886 GC heap before
{Heap before GC invocations=130 (full 0):
 garbage-first heap   total 1044480K, used 940032K [0x0000000700000000, 0x0000000800000000)
  region size 2048K, 180 young (368640K), 24 survivors (49152K)
 Metaspace       used 195376K, committed 198144K, reserved 1245184K
  class space    used 26880K, committed 28224K, reserved 1048576K
}
Event: 301.934 GC heap after
{Heap after GC invocations=131 (full 0):
 garbage-first heap   total 1046528K, used 660480K [0x0000000700000000, 0x0000000800000000)
  region size 2048K, 23 young (47104K), 23 survivors (47104K)
 Metaspace       used 195376K, committed 198144K, reserved 1245184K
  class space    used 26880K, committed 28224K, reserved 1048576K
}
Event: 301.995 GC heap before
{Heap before GC invocations=131 (full 0):
 garbage-first heap   total 1046528K, used 723968K [0x0000000700000000, 0x0000000800000000)
  region size 2048K, 55 young (112640K), 23 survivors (47104K)
 Metaspace       used 195377K, committed 198144K, reserved 1245184K
  class space    used 26880K, committed 28224K, reserved 1048576K
}

