# JRE version: OpenJDK Runtime Environment (21.0.8) (build 21.0.8+-14196175-b1038.72)
# Java VM: OpenJDK 64-Bit Server VM (21.0.8+-14196175-b1038.72, mixed mode, tiered, compressed oops, compressed class ptrs, g1 gc, windows-amd64)
GC Precious Log:
 CardTable entry size: 512
 Card Set container configuration: InlinePtr #cards 4 size 8 Array Of Cards #cards 16 size 48 Howl #buckets 8 coarsen threshold 3686 Howl Bitmap #cards 512 size 80 coarsen threshold 460 Card regions per heap region 1 cards per card region 4096
 CPUs: 12 total, 12 available
 Memory: 7521M
 Large Page Support: Disabled
 NUMA Support: Disabled
 Compressed Oops: Enabled (Zero based)
 Heap Region Size: 2M
 Heap Min Capacity: 8M
 Heap Initial Capacity: 118M
 Heap Max Capacity: 4G
 Pre-touch: Disabled
 Parallel Workers: 10
 Concurrent Workers: 3
 Concurrent Refinement Workers: 10
 Periodic GC: Disabled
Heap:
 garbage-first heap   total 92160K, used 65671K [0x0000000700000000, 0x0000000800000000)
  region size 2048K, 17 young (34816K), 3 survivors (6144K)
 Metaspace       used 56331K, committed 57792K, reserved 1114112K
  class space    used 7899K, committed 8576K, reserved 1048576K
GC Heap History (20 events):
Event: 3.162 GC heap before
{Heap before GC invocations=1 (full 0):
 garbage-first heap   total 120832K, used 48720K [0x0000000700000000, 0x0000000800000000)
  region size 2048K, 23 young (47104K), 1 survivors (2048K)
 Metaspace       used 12375K, committed 12544K, reserved 1114112K
  class space    used 1348K, committed 1408K, reserved 1048576K
}
Event: 3.173 GC heap after
{Heap after GC invocations=2 (full 0):
 garbage-first heap   total 120832K, used 12221K [0x0000000700000000, 0x0000000800000000)
  region size 2048K, 3 young (6144K), 3 survivors (6144K)
 Metaspace       used 12375K, committed 12544K, reserved 1114112K
  class space    used 1348K, committed 1408K, reserved 1048576K
}
Event: 4.381 GC heap before
{Heap before GC invocations=2 (full 0):
 garbage-first heap   total 120832K, used 63421K [0x0000000700000000, 0x0000000800000000)
  region size 2048K, 29 young (59392K), 3 survivors (6144K)
 Metaspace       used 19134K, committed 19456K, reserved 1114112K
  class space    used 2236K, committed 2368K, reserved 1048576K
}
Event: 4.389 GC heap after
{Heap after GC invocations=3 (full 0):
 garbage-first heap   total 120832K, used 19770K [0x0000000700000000, 0x0000000800000000)
  region size 2048K, 4 young (8192K), 4 survivors (8192K)
 Metaspace       used 19134K, committed 19456K, reserved 1114112K
  class space    used 2236K, committed 2368K, reserved 1048576K
}
Event: 4.573 GC heap before
{Heap before GC invocations=3 (full 0):
 garbage-first heap   total 120832K, used 30010K [0x0000000700000000, 0x0000000800000000)
  region size 2048K, 10 young (20480K), 4 survivors (8192K)
 Metaspace       used 21221K, committed 21504K, reserved 1114112K
  class space    used 2539K, committed 2688K, reserved 1048576K
}
Event: 4.578 GC heap after
{Heap after GC invocations=4 (full 0):
 garbage-first heap   total 120832K, used 20847K [0x0000000700000000, 0x0000000800000000)
  region size 2048K, 1 young (2048K), 1 survivors (2048K)
 Metaspace       used 21221K, committed 21504K, reserved 1114112K
  class space    used 2539K, committed 2688K, reserved 1048576K
}
Event: 5.272 GC heap before
{Heap before GC invocations=5 (full 0):
 garbage-first heap   total 75776K, used 63855K [0x0000000700000000, 0x0000000800000000)
  region size 2048K, 22 young (45056K), 1 survivors (2048K)
 Metaspace       used 28490K, committed 28992K, reserved 1114112K
  class space    used 3700K, committed 3904K, reserved 1048576K
}
Event: 5.275 GC heap after
{Heap after GC invocations=6 (full 0):
 garbage-first heap   total 75776K, used 22712K [0x0000000700000000, 0x0000000800000000)
  region size 2048K, 2 young (4096K), 2 survivors (4096K)
 Metaspace       used 28490K, committed 28992K, reserved 1114112K
  class space    used 3700K, committed 3904K, reserved 1048576K
}
Event: 5.843 GC heap before
{Heap before GC invocations=6 (full 0):
 garbage-first heap   total 75776K, used 59576K [0x0000000700000000, 0x0000000800000000)
  region size 2048K, 21 young (43008K), 2 survivors (4096K)
 Metaspace       used 33611K, committed 34368K, reserved 1114112K
  class space    used 4620K, committed 4928K, reserved 1048576K
}
Event: 5.848 GC heap after
{Heap after GC invocations=7 (full 0):
 garbage-first heap   total 75776K, used 25514K [0x0000000700000000, 0x0000000800000000)
  region size 2048K, 3 young (6144K), 3 survivors (6144K)
 Metaspace       used 33611K, committed 34368K, reserved 1114112K
  class space    used 4620K, committed 4928K, reserved 1048576K
}
Event: 6.006 GC heap before
{Heap before GC invocations=7 (full 0):
 garbage-first heap   total 75776K, used 35754K [0x0000000700000000, 0x0000000800000000)
  region size 2048K, 9 young (18432K), 3 survivors (6144K)
 Metaspace       used 35220K, committed 35968K, reserved 1114112K
  class space    used 4885K, committed 5248K, reserved 1048576K
}
Event: 6.010 GC heap after
{Heap after GC invocations=8 (full 0):
 garbage-first heap   total 75776K, used 25893K [0x0000000700000000, 0x0000000800000000)
  region size 2048K, 2 young (4096K), 2 survivors (4096K)
 Metaspace       used 35220K, committed 35968K, reserved 1114112K
  class space    used 4885K, committed 5248K, reserved 1048576K
}
Event: 6.896 GC heap before
{Heap before GC invocations=9 (full 0):
 garbage-first heap   total 75776K, used 62757K [0x0000000700000000, 0x0000000800000000)
  region size 2048K, 21 young (43008K), 2 survivors (4096K)
 Metaspace       used 42998K, committed 43968K, reserved 1114112K
  class space    used 5943K, committed 6400K, reserved 1048576K
}
Event: 6.915 GC heap after
{Heap after GC invocations=10 (full 0):
 garbage-first heap   total 75776K, used 30397K [0x0000000700000000, 0x0000000800000000)
  region size 2048K, 3 young (6144K), 3 survivors (6144K)
 Metaspace       used 42998K, committed 43968K, reserved 1114112K
  class space    used 5943K, committed 6400K, reserved 1048576K
}
Event: 7.176 GC heap before
{Heap before GC invocations=10 (full 0):
 garbage-first heap   total 75776K, used 61117K [0x0000000700000000, 0x0000000800000000)
  region size 2048K, 18 young (36864K), 3 survivors (6144K)
 Metaspace       used 44647K, committed 45568K, reserved 1114112K
  class space    used 6122K, committed 6528K, reserved 1048576K
}
Event: 7.181 GC heap after
{Heap after GC invocations=11 (full 0):
 garbage-first heap   total 75776K, used 32570K [0x0000000700000000, 0x0000000800000000)
  region size 2048K, 2 young (4096K), 2 survivors (4096K)
 Metaspace       used 44647K, committed 45568K, reserved 1114112K
  class space    used 6122K, committed 6528K, reserved 1048576K
}
Event: 7.839 GC heap before
{Heap before GC invocations=11 (full 0):
 garbage-first heap   total 75776K, used 67386K [0x0000000700000000, 0x0000000800000000)
  region size 2048K, 17 young (34816K), 2 survivors (4096K)
 Metaspace       used 48677K, committed 49792K, reserved 1114112K
  class space    used 6644K, committed 7168K, reserved 1048576K
}
Event: 7.842 GC heap after
{Heap after GC invocations=12 (full 0):
 garbage-first heap   total 92160K, used 34450K [0x0000000700000000, 0x0000000800000000)
  region size 2048K, 3 young (6144K), 3 survivors (6144K)
 Metaspace       used 48677K, committed 49792K, reserved 1114112K
  class space    used 6644K, committed 7168K, reserved 1048576K
}
Event: 8.945 GC heap before
{Heap before GC invocations=12 (full 0):
 garbage-first heap   total 92160K, used 77458K [0x0000000700000000, 0x0000000800000000)
  region size 2048K, 24 young (49152K), 3 survivors (6144K)
 Metaspace       used 54181K, committed 55616K, reserved 1114112K
  class space    used 7553K, committed 8256K, reserved 1048576K
}
Event: 8.949 GC heap after
{Heap after GC invocations=13 (full 0):
 garbage-first heap   total 92160K, used 36999K [0x0000000700000000, 0x0000000800000000)
  region size 2048K, 3 young (6144K), 3 survivors (6144K)
 Metaspace       used 54181K, committed 55616K, reserved 1114112K
  class space    used 7553K, committed 8256K, reserved 1048576K
}

