# JRE version: Java(TM) SE Runtime Environment (17.0.12+8) (build 17.0.12+8-LTS-286)
# Java VM: Java HotSpot(TM) 64-Bit Server VM (17.0.12+8-LTS-286, mixed mode, sharing, tiered, compressed oops, compressed class ptrs, g1 gc, windows-amd64)
GC Precious Log:
 CPUs: 12 total, 12 available
 Memory: 7521M
 Large Page Support: Disabled
 NUMA Support: Disabled
 Compressed Oops: Enabled (32-bit)
 Heap Region Size: 1M
 Heap Min Capacity: 8M
 Heap Initial Capacity: 118M
 Heap Max Capacity: 2G
 Pre-touch: Disabled
 Parallel Workers: 10
 Concurrent Workers: 3
 Concurrent Refinement Workers: 10
 Periodic GC: Disabled
Heap:
 garbage-first heap   total 210944K, used 130612K [0x0000000080000000, 0x0000000100000000)
  region size 1024K, 9 young (9216K), 6 survivors (6144K)
 Metaspace       used 100858K, committed 101760K, reserved 1179648K
  class space    used 14046K, committed 14464K, reserved 1048576K
GC Heap History (20 events):
Event: 57.620 GC heap after
{Heap after GC invocations=29 (full 0):
 garbage-first heap   total 210944K, used 90485K [0x0000000080000000, 0x0000000100000000)
  region size 1024K, 4 young (4096K), 4 survivors (4096K)
 Metaspace       used 83211K, committed 84032K, reserved 1179648K
  class space    used 11629K, committed 12032K, reserved 1048576K
}
Event: 60.851 GC heap before
{Heap before GC invocations=29 (full 0):
 garbage-first heap   total 210944K, used 172405K [0x0000000080000000, 0x0000000100000000)
  region size 1024K, 84 young (86016K), 4 survivors (4096K)
 Metaspace       used 88591K, committed 89408K, reserved 1179648K
  class space    used 12443K, committed 12800K, reserved 1048576K
}
Event: 60.860 GC heap after
{Heap after GC invocations=30 (full 0):
 garbage-first heap   total 210944K, used 93854K [0x0000000080000000, 0x0000000100000000)
  region size 1024K, 7 young (7168K), 7 survivors (7168K)
 Metaspace       used 88591K, committed 89408K, reserved 1179648K
  class space    used 12443K, committed 12800K, reserved 1048576K
}
Event: 64.271 GC heap before
{Heap before GC invocations=30 (full 0):
 garbage-first heap   total 210944K, used 174750K [0x0000000080000000, 0x0000000100000000)
  region size 1024K, 86 young (88064K), 7 survivors (7168K)
 Metaspace       used 94649K, committed 95424K, reserved 1179648K
  class space    used 13197K, committed 13568K, reserved 1048576K
}
Event: 64.283 GC heap after
{Heap after GC invocations=31 (full 0):
 garbage-first heap   total 210944K, used 99390K [0x0000000080000000, 0x0000000100000000)
  region size 1024K, 9 young (9216K), 9 survivors (9216K)
 Metaspace       used 94649K, committed 95424K, reserved 1179648K
  class space    used 13197K, committed 13568K, reserved 1048576K
}
Event: 67.656 GC heap before
{Heap before GC invocations=31 (full 0):
 garbage-first heap   total 210944K, used 174142K [0x0000000080000000, 0x0000000100000000)
  region size 1024K, 83 young (84992K), 9 survivors (9216K)
 Metaspace       used 99218K, committed 100096K, reserved 1179648K
  class space    used 13905K, committed 14336K, reserved 1048576K
}
Event: 67.671 GC heap after
{Heap after GC invocations=32 (full 0):
 garbage-first heap   total 210944K, used 105360K [0x0000000080000000, 0x0000000100000000)
  region size 1024K, 11 young (11264K), 11 survivors (11264K)
 Metaspace       used 99218K, committed 100096K, reserved 1179648K
  class space    used 13905K, committed 14336K, reserved 1048576K
}
Event: 72.471 GC heap before
{Heap before GC invocations=32 (full 0):
 garbage-first heap   total 210944K, used 174992K [0x0000000080000000, 0x0000000100000000)
  region size 1024K, 79 young (80896K), 11 survivors (11264K)
 Metaspace       used 99887K, committed 100736K, reserved 1179648K
  class space    used 13950K, committed 14336K, reserved 1048576K
}
Event: 72.487 GC heap after
{Heap after GC invocations=33 (full 0):
 garbage-first heap   total 210944K, used 113863K [0x0000000080000000, 0x0000000100000000)
  region size 1024K, 9 young (9216K), 9 survivors (9216K)
 Metaspace       used 99887K, committed 100736K, reserved 1179648K
  class space    used 13950K, committed 14336K, reserved 1048576K
}
Event: 74.018 GC heap before
{Heap before GC invocations=33 (full 0):
 garbage-first heap   total 210944K, used 173255K [0x0000000080000000, 0x0000000100000000)
  region size 1024K, 68 young (69632K), 9 survivors (9216K)
 Metaspace       used 99943K, committed 100864K, reserved 1179648K
  class space    used 13954K, committed 14400K, reserved 1048576K
}
Event: 74.026 GC heap after
{Heap after GC invocations=34 (full 0):
 garbage-first heap   total 210944K, used 117245K [0x0000000080000000, 0x0000000100000000)
  region size 1024K, 6 young (6144K), 6 survivors (6144K)
 Metaspace       used 99943K, committed 100864K, reserved 1179648K
  class space    used 13954K, committed 14400K, reserved 1048576K
}
Event: 75.223 GC heap before
{Heap before GC invocations=34 (full 0):
 garbage-first heap   total 210944K, used 173565K [0x0000000080000000, 0x0000000100000000)
  region size 1024K, 62 young (63488K), 6 survivors (6144K)
 Metaspace       used 100132K, committed 100992K, reserved 1179648K
  class space    used 13980K, committed 14400K, reserved 1048576K
}
Event: 75.230 GC heap after
{Heap after GC invocations=35 (full 0):
 garbage-first heap   total 210944K, used 119438K [0x0000000080000000, 0x0000000100000000)
  region size 1024K, 5 young (5120K), 5 survivors (5120K)
 Metaspace       used 100132K, committed 100992K, reserved 1179648K
  class space    used 13980K, committed 14400K, reserved 1048576K
}
Event: 76.221 GC heap before
{Heap before GC invocations=35 (full 0):
 garbage-first heap   total 210944K, used 175758K [0x0000000080000000, 0x0000000100000000)
  region size 1024K, 60 young (61440K), 5 survivors (5120K)
 Metaspace       used 100217K, committed 101120K, reserved 1179648K
  class space    used 13990K, committed 14400K, reserved 1048576K
}
Event: 76.228 GC heap after
{Heap after GC invocations=36 (full 0):
 garbage-first heap   total 210944K, used 121298K [0x0000000080000000, 0x0000000100000000)
  region size 1024K, 4 young (4096K), 4 survivors (4096K)
 Metaspace       used 100217K, committed 101120K, reserved 1179648K
  class space    used 13990K, committed 14400K, reserved 1048576K
}
Event: 79.384 GC heap before
{Heap before GC invocations=36 (full 0):
 garbage-first heap   total 210944K, used 175570K [0x0000000080000000, 0x0000000100000000)
  region size 1024K, 57 young (58368K), 4 survivors (4096K)
 Metaspace       used 100559K, committed 101440K, reserved 1179648K
  class space    used 14025K, committed 14464K, reserved 1048576K
}
Event: 79.393 GC heap after
{Heap after GC invocations=37 (full 0):
 garbage-first heap   total 210944K, used 125145K [0x0000000080000000, 0x0000000100000000)
  region size 1024K, 8 young (8192K), 8 survivors (8192K)
 Metaspace       used 100559K, committed 101440K, reserved 1179648K
  class space    used 14025K, committed 14464K, reserved 1048576K
}
Event: 81.515 GC heap before
{Heap before GC invocations=37 (full 0):
 garbage-first heap   total 210944K, used 175321K [0x0000000080000000, 0x0000000100000000)
  region size 1024K, 57 young (58368K), 8 survivors (8192K)
 Metaspace       used 100718K, committed 101632K, reserved 1179648K
  class space    used 14036K, committed 14464K, reserved 1048576K
}
Event: 81.525 GC heap after
{Heap after GC invocations=38 (full 0):
 garbage-first heap   total 210944K, used 126896K [0x0000000080000000, 0x0000000100000000)
  region size 1024K, 4 young (4096K), 4 survivors (4096K)
 Metaspace       used 100718K, committed 101632K, reserved 1179648K
  class space    used 14036K, committed 14464K, reserved 1048576K
}
Event: 84.097 GC heap before
{Heap before GC invocations=38 (full 0):
 garbage-first heap   total 210944K, used 176048K [0x0000000080000000, 0x0000000100000000)
  region size 1024K, 52 young (53248K), 4 survivors (4096K)
 Metaspace       used 100853K, committed 101760K, reserved 1179648K
  class space    used 14045K, committed 14464K, reserved 1048576K
}

