# JRE version: Java(TM) SE Runtime Environment (17.0.12+8) (build 17.0.12+8-LTS-286)
# Java VM: Java HotSpot(TM) 64-Bit Server VM (17.0.12+8-LTS-286, mixed mode, sharing, tiered, compressed oops, compressed class ptrs, g1 gc, windows-amd64)
GC Precious Log:
 CPUs: 12 total, 12 available
 Memory: 7521M
 Large Page Support: Disabled
 NUMA Support: Disabled
 Compressed Oops: Enabled (32-bit)
 Heap Region Size: 1M
 Heap Min Capacity: 8M
 Heap Initial Capacity: 118M
 Heap Max Capacity: 2G
 Pre-touch: Disabled
 Parallel Workers: 10
 Concurrent Workers: 3
 Concurrent Refinement Workers: 10
 Periodic GC: Disabled
Heap:
 garbage-first heap   total 102400K, used 83292K [0x0000000080000000, 0x0000000100000000)
  region size 1024K, 9 young (9216K), 2 survivors (2048K)
 Metaspace       used 63943K, committed 64768K, reserved 1114112K
  class space    used 8758K, committed 9152K, reserved 1048576K
GC Heap History (20 events):
Event: 83.934 GC heap before
{Heap before GC invocations=34 (full 0):
 garbage-first heap   total 102400K, used 58213K [0x0000000080000000, 0x0000000100000000)
  region size 1024K, 5 young (5120K), 3 survivors (3072K)
 Metaspace       used 57003K, committed 57664K, reserved 1114112K
  class space    used 7881K, committed 8192K, reserved 1048576K
}
Event: 83.937 GC heap after
{Heap after GC invocations=35 (full 0):
 garbage-first heap   total 102400K, used 56392K [0x0000000080000000, 0x0000000100000000)
  region size 1024K, 1 young (1024K), 1 survivors (1024K)
 Metaspace       used 57003K, committed 57664K, reserved 1114112K
  class space    used 7881K, committed 8192K, reserved 1048576K
}
Event: 90.112 GC heap before
{Heap before GC invocations=35 (full 0):
 garbage-first heap   total 102400K, used 84040K [0x0000000080000000, 0x0000000100000000)
  region size 1024K, 28 young (28672K), 1 survivors (1024K)
 Metaspace       used 57022K, committed 57728K, reserved 1114112K
  class space    used 7881K, committed 8192K, reserved 1048576K
}
Event: 90.115 GC heap after
{Heap after GC invocations=36 (full 0):
 garbage-first heap   total 102400K, used 59527K [0x0000000080000000, 0x0000000100000000)
  region size 1024K, 4 young (4096K), 4 survivors (4096K)
 Metaspace       used 57022K, committed 57728K, reserved 1114112K
  class space    used 7881K, committed 8192K, reserved 1048576K
}
Event: 91.085 GC heap before
{Heap before GC invocations=36 (full 0):
 garbage-first heap   total 102400K, used 89223K [0x0000000080000000, 0x0000000100000000)
  region size 1024K, 27 young (27648K), 4 survivors (4096K)
 Metaspace       used 57854K, committed 58560K, reserved 1114112K
  class space    used 7978K, committed 8320K, reserved 1048576K
}
Event: 91.088 GC heap after
{Heap after GC invocations=37 (full 0):
 garbage-first heap   total 102400K, used 66433K [0x0000000080000000, 0x0000000100000000)
  region size 1024K, 4 young (4096K), 4 survivors (4096K)
 Metaspace       used 57854K, committed 58560K, reserved 1114112K
  class space    used 7978K, committed 8320K, reserved 1048576K
}
Event: 91.908 GC heap before
{Heap before GC invocations=37 (full 0):
 garbage-first heap   total 102400K, used 85889K [0x0000000080000000, 0x0000000100000000)
  region size 1024K, 19 young (19456K), 4 survivors (4096K)
 Metaspace       used 58553K, committed 59264K, reserved 1114112K
  class space    used 8062K, committed 8384K, reserved 1048576K
}
Event: 91.912 GC heap after
{Heap after GC invocations=38 (full 0):
 garbage-first heap   total 102400K, used 75475K [0x0000000080000000, 0x0000000100000000)
  region size 1024K, 3 young (3072K), 3 survivors (3072K)
 Metaspace       used 58553K, committed 59264K, reserved 1114112K
  class space    used 8062K, committed 8384K, reserved 1048576K
}
Event: 92.271 GC heap before
{Heap before GC invocations=38 (full 0):
 garbage-first heap   total 102400K, used 82643K [0x0000000080000000, 0x0000000100000000)
  region size 1024K, 11 young (11264K), 3 survivors (3072K)
 Metaspace       used 59181K, committed 59840K, reserved 1114112K
  class space    used 8137K, committed 8448K, reserved 1048576K
}
Event: 92.273 GC heap after
{Heap after GC invocations=39 (full 0):
 garbage-first heap   total 102400K, used 75658K [0x0000000080000000, 0x0000000100000000)
  region size 1024K, 1 young (1024K), 1 survivors (1024K)
 Metaspace       used 59181K, committed 59840K, reserved 1114112K
  class space    used 8137K, committed 8448K, reserved 1048576K
}
Event: 92.680 GC heap before
{Heap before GC invocations=39 (full 0):
 garbage-first heap   total 102400K, used 82826K [0x0000000080000000, 0x0000000100000000)
  region size 1024K, 9 young (9216K), 1 survivors (1024K)
 Metaspace       used 59832K, committed 60544K, reserved 1114112K
  class space    used 8232K, committed 8576K, reserved 1048576K
}
Event: 92.683 GC heap after
{Heap after GC invocations=40 (full 0):
 garbage-first heap   total 102400K, used 76002K [0x0000000080000000, 0x0000000100000000)
  region size 1024K, 1 young (1024K), 1 survivors (1024K)
 Metaspace       used 59832K, committed 60544K, reserved 1114112K
  class space    used 8232K, committed 8576K, reserved 1048576K
}
Event: 93.191 GC heap before
{Heap before GC invocations=40 (full 0):
 garbage-first heap   total 102400K, used 84194K [0x0000000080000000, 0x0000000100000000)
  region size 1024K, 10 young (10240K), 1 survivors (1024K)
 Metaspace       used 60568K, committed 61376K, reserved 1114112K
  class space    used 8314K, committed 8704K, reserved 1048576K
}
Event: 93.194 GC heap after
{Heap after GC invocations=41 (full 0):
 garbage-first heap   total 102400K, used 76455K [0x0000000080000000, 0x0000000100000000)
  region size 1024K, 1 young (1024K), 1 survivors (1024K)
 Metaspace       used 60568K, committed 61376K, reserved 1114112K
  class space    used 8314K, committed 8704K, reserved 1048576K
}
Event: 93.570 GC heap before
{Heap before GC invocations=41 (full 0):
 garbage-first heap   total 102400K, used 84647K [0x0000000080000000, 0x0000000100000000)
  region size 1024K, 10 young (10240K), 1 survivors (1024K)
 Metaspace       used 61584K, committed 62400K, reserved 1114112K
  class space    used 8397K, committed 8768K, reserved 1048576K
}
Event: 93.573 GC heap after
{Heap after GC invocations=42 (full 0):
 garbage-first heap   total 102400K, used 76468K [0x0000000080000000, 0x0000000100000000)
  region size 1024K, 2 young (2048K), 2 survivors (2048K)
 Metaspace       used 61584K, committed 62400K, reserved 1114112K
  class space    used 8397K, committed 8768K, reserved 1048576K
}
Event: 93.980 GC heap before
{Heap before GC invocations=42 (full 0):
 garbage-first heap   total 102400K, used 84660K [0x0000000080000000, 0x0000000100000000)
  region size 1024K, 11 young (11264K), 2 survivors (2048K)
 Metaspace       used 62382K, committed 63104K, reserved 1114112K
  class space    used 8508K, committed 8832K, reserved 1048576K
}
Event: 93.984 GC heap after
{Heap after GC invocations=43 (full 0):
 garbage-first heap   total 102400K, used 76754K [0x0000000080000000, 0x0000000100000000)
  region size 1024K, 2 young (2048K), 2 survivors (2048K)
 Metaspace       used 62382K, committed 63104K, reserved 1114112K
  class space    used 8508K, committed 8832K, reserved 1048576K
}
Event: 95.050 GC heap before
{Heap before GC invocations=43 (full 0):
 garbage-first heap   total 102400K, used 86994K [0x0000000080000000, 0x0000000100000000)
  region size 1024K, 12 young (12288K), 2 survivors (2048K)
 Metaspace       used 63208K, committed 63936K, reserved 1114112K
  class space    used 8637K, committed 8960K, reserved 1048576K
}
Event: 95.054 GC heap after
{Heap after GC invocations=44 (full 0):
 garbage-first heap   total 102400K, used 77148K [0x0000000080000000, 0x0000000100000000)
  region size 1024K, 2 young (2048K), 2 survivors (2048K)
 Metaspace       used 63208K, committed 63936K, reserved 1114112K
  class space    used 8637K, committed 8960K, reserved 1048576K
}

