# JRE version: OpenJDK Runtime Environment Temurin-21.0.10+7 (21.0.10+7) (build 21.0.10+7-LTS)
# Java VM: OpenJDK 64-Bit Server VM Temurin-21.0.10+7 (21.0.10+7-LTS, mixed mode, sharing, tiered, compressed oops, compressed class ptrs, parallel gc, windows-amd64)
GC Precious Log:
 CardTable entry size: 512
 CPUs: 12 total, 12 available
 Memory: 7521M
 Large Page Support: Disabled
 NUMA Support: Disabled
 Compressed Oops: Enabled (32-bit)
 Alignments: Space 512K, Generation 512K, Heap 2M
 Heap Min Capacity: 100M
 Heap Initial Capacity: 100M
 Heap Max Capacity: 2G
 Pre-touch: Disabled
 Parallel Workers: 10
Heap:
 PSYoungGen      total 11776K, used 1788K [0x00000000d5580000, 0x00000000d6300000, 0x0000000100000000)
  eden space 11264K, 13% used [0x00000000d5580000,0x00000000d56f72c0,0x00000000d6080000)
  from space 512K, 56% used [0x00000000d6200000,0x00000000d6248000,0x00000000d6280000)
  to   space 512K, 0% used [0x00000000d6280000,0x00000000d6280000,0x00000000d6300000)
 ParOldGen       total 83968K, used 83897K [0x0000000080000000, 0x0000000085200000, 0x00000000d5580000)
  object space 83968K, 99% used [0x0000000080000000,0x00000000851ee728,0x0000000085200000)
 Metaspace       used 75715K, committed 77504K, reserved 1179648K
  class space    used 9251K, committed 10112K, reserved 1048576K
GC Heap History (20 events):
Event: 19341.675 GC heap before
{Heap before GC invocations=203 (full 3):
 PSYoungGen      total 11776K, used 11456K [0x00000000d5580000, 0x00000000d6300000, 0x0000000100000000)
  eden space 11264K, 100% used [0x00000000d5580000,0x00000000d6080000,0x00000000d6080000)
  from space 512K, 37% used [0x00000000d6200000,0x00000000d6230000,0x00000000d6280000)
  to   space 512K, 0% used [0x00000000d6280000,0x00000000d6280000,0x00000000d6300000)
 ParOldGen       total 81920K, used 81847K [0x0000000080000000, 0x0000000085000000, 0x00000000d5580000)
  object space 81920K, 99% used [0x0000000080000000,0x0000000084fede18,0x0000000085000000)
 Metaspace       used 75461K, committed 77248K, reserved 1179648K
  class space    used 9216K, committed 10048K, reserved 1048576K
}
Event: 19341.677 GC heap after
{Heap after GC invocations=203 (full 3):
 PSYoungGen      total 11776K, used 256K [0x00000000d5580000, 0x00000000d6300000, 0x0000000100000000)
  eden space 11264K, 0% used [0x00000000d5580000,0x00000000d5580000,0x00000000d6080000)
  from space 512K, 50% used [0x00000000d6280000,0x00000000d62c0000,0x00000000d6300000)
  to   space 512K, 0% used [0x00000000d6200000,0x00000000d6200000,0x00000000d6280000)
 ParOldGen       total 81920K, used 81895K [0x0000000080000000, 0x0000000085000000, 0x00000000d5580000)
  object space 81920K, 99% used [0x0000000080000000,0x0000000084ff9e18,0x0000000085000000)
 Metaspace       used 75461K, committed 77248K, reserved 1179648K
  class space    used 9216K, committed 10048K, reserved 1048576K
}
Event: 19342.351 GC heap before
{Heap before GC invocations=204 (full 3):
 PSYoungGen      total 11776K, used 11520K [0x00000000d5580000, 0x00000000d6300000, 0x0000000100000000)
  eden space 11264K, 100% used [0x00000000d5580000,0x00000000d6080000,0x00000000d6080000)
  from space 512K, 50% used [0x00000000d6280000,0x00000000d62c0000,0x00000000d6300000)
  to   space 512K, 0% used [0x00000000d6200000,0x00000000d6200000,0x00000000d6280000)
 ParOldGen       total 81920K, used 81895K [0x0000000080000000, 0x0000000085000000, 0x00000000d5580000)
  object space 81920K, 99% used [0x0000000080000000,0x0000000084ff9e18,0x0000000085000000)
 Metaspace       used 75461K, committed 77248K, reserved 1179648K
  class space    used 9216K, committed 10048K, reserved 1048576K
}
Event: 19342.353 GC heap after
{Heap after GC invocations=204 (full 3):
 PSYoungGen      total 11776K, used 160K [0x00000000d5580000, 0x00000000d6300000, 0x0000000100000000)
  eden space 11264K, 0% used [0x00000000d5580000,0x00000000d5580000,0x00000000d6080000)
  from space 512K, 31% used [0x00000000d6200000,0x00000000d6228000,0x00000000d6280000)
  to   space 512K, 0% used [0x00000000d6280000,0x00000000d6280000,0x00000000d6300000)
 ParOldGen       total 82432K, used 81935K [0x0000000080000000, 0x0000000085080000, 0x00000000d5580000)
  object space 82432K, 99% used [0x0000000080000000,0x0000000085003e18,0x0000000085080000)
 Metaspace       used 75461K, committed 77248K, reserved 1179648K
  class space    used 9216K, committed 10048K, reserved 1048576K
}
Event: 19343.675 GC heap before
{Heap before GC invocations=205 (full 3):
 PSYoungGen      total 11776K, used 11424K [0x00000000d5580000, 0x00000000d6300000, 0x0000000100000000)
  eden space 11264K, 100% used [0x00000000d5580000,0x00000000d6080000,0x00000000d6080000)
  from space 512K, 31% used [0x00000000d6200000,0x00000000d6228000,0x00000000d6280000)
  to   space 512K, 0% used [0x00000000d6280000,0x00000000d6280000,0x00000000d6300000)
 ParOldGen       total 82432K, used 81935K [0x0000000080000000, 0x0000000085080000, 0x00000000d5580000)
  object space 82432K, 99% used [0x0000000080000000,0x0000000085003e18,0x0000000085080000)
 Metaspace       used 75461K, committed 77248K, reserved 1179648K
  class space    used 9216K, committed 10048K, reserved 1048576K
}
Event: 19343.677 GC heap after
{Heap after GC invocations=205 (full 3):
 PSYoungGen      total 11776K, used 256K [0x00000000d5580000, 0x00000000d6300000, 0x0000000100000000)
  eden space 11264K, 0% used [0x00000000d5580000,0x00000000d5580000,0x00000000d6080000)
  from space 512K, 50% used [0x00000000d6280000,0x00000000d62c0000,0x00000000d6300000)
  to   space 512K, 0% used [0x00000000d6200000,0x00000000d6200000,0x00000000d6280000)
 ParOldGen       total 82432K, used 81959K [0x0000000080000000, 0x0000000085080000, 0x00000000d5580000)
  object space 82432K, 99% used [0x0000000080000000,0x0000000085009e18,0x0000000085080000)
 Metaspace       used 75461K, committed 77248K, reserved 1179648K
  class space    used 9216K, committed 10048K, reserved 1048576K
}
Event: 19505.293 GC heap before
{Heap before GC invocations=206 (full 3):
 PSYoungGen      total 11776K, used 11003K [0x00000000d5580000, 0x00000000d6300000, 0x0000000100000000)
  eden space 11264K, 95% used [0x00000000d5580000,0x00000000d5ffede0,0x00000000d6080000)
  from space 512K, 50% used [0x00000000d6280000,0x00000000d62c0000,0x00000000d6300000)
  to   space 512K, 0% used [0x00000000d6200000,0x00000000d6200000,0x00000000d6280000)
 ParOldGen       total 82432K, used 81959K [0x0000000080000000, 0x0000000085080000, 0x00000000d5580000)
  object space 82432K, 99% used [0x0000000080000000,0x0000000085009e18,0x0000000085080000)
 Metaspace       used 75466K, committed 77248K, reserved 1179648K
  class space    used 9216K, committed 10048K, reserved 1048576K
}
Event: 19505.417 GC heap after
{Heap after GC invocations=206 (full 3):
 PSYoungGen      total 11776K, used 496K [0x00000000d5580000, 0x00000000d6480000, 0x0000000100000000)
  eden space 11264K, 0% used [0x00000000d5580000,0x00000000d5580000,0x00000000d6080000)
  from space 512K, 96% used [0x00000000d6200000,0x00000000d627c030,0x00000000d6280000)
  to   space 2048K, 0% used [0x00000000d6280000,0x00000000d6280000,0x00000000d6480000)
 ParOldGen       total 82944K, used 82839K [0x0000000080000000, 0x0000000085100000, 0x00000000d5580000)
  object space 82944K, 99% used [0x0000000080000000,0x00000000850e5ef8,0x0000000085100000)
 Metaspace       used 75466K, committed 77248K, reserved 1179648K
  class space    used 9216K, committed 10048K, reserved 1048576K
}
Event: 19564.806 GC heap before
{Heap before GC invocations=207 (full 3):
 PSYoungGen      total 11776K, used 11760K [0x00000000d5580000, 0x00000000d6480000, 0x0000000100000000)
  eden space 11264K, 100% used [0x00000000d5580000,0x00000000d6080000,0x00000000d6080000)
  from space 512K, 96% used [0x00000000d6200000,0x00000000d627c030,0x00000000d6280000)
  to   space 2048K, 0% used [0x00000000d6280000,0x00000000d6280000,0x00000000d6480000)
 ParOldGen       total 82944K, used 82839K [0x0000000080000000, 0x0000000085100000, 0x00000000d5580000)
  object space 82944K, 99% used [0x0000000080000000,0x00000000850e5ef8,0x0000000085100000)
 Metaspace       used 75694K, committed 77504K, reserved 1179648K
  class space    used 9251K, committed 10112K, reserved 1048576K
}
Event: 19564.851 GC heap after
{Heap after GC invocations=207 (full 3):
 PSYoungGen      total 12288K, used 576K [0x00000000d5580000, 0x00000000d6380000, 0x0000000100000000)
  eden space 11264K, 0% used [0x00000000d5580000,0x00000000d5580000,0x00000000d6080000)
  from space 1024K, 56% used [0x00000000d6280000,0x00000000d6310000,0x00000000d6380000)
  to   space 1024K, 0% used [0x00000000d6180000,0x00000000d6180000,0x00000000d6280000)
 ParOldGen       total 83456K, used 83195K [0x0000000080000000, 0x0000000085180000, 0x00000000d5580000)
  object space 83456K, 99% used [0x0000000080000000,0x000000008513ef08,0x0000000085180000)
 Metaspace       used 75694K, committed 77504K, reserved 1179648K
  class space    used 9251K, committed 10112K, reserved 1048576K
}
Event: 19566.817 GC heap before
{Heap before GC invocations=208 (full 3):
 PSYoungGen      total 12288K, used 11840K [0x00000000d5580000, 0x00000000d6380000, 0x0000000100000000)
  eden space 11264K, 100% used [0x00000000d5580000,0x00000000d6080000,0x00000000d6080000)
  from space 1024K, 56% used [0x00000000d6280000,0x00000000d6310000,0x00000000d6380000)
  to   space 1024K, 0% used [0x00000000d6180000,0x00000000d6180000,0x00000000d6280000)
 ParOldGen       total 83456K, used 83195K [0x0000000080000000, 0x0000000085180000, 0x00000000d5580000)
  object space 83456K, 99% used [0x0000000080000000,0x000000008513ef08,0x0000000085180000)
 Metaspace       used 75697K, committed 77504K, reserved 1179648K
  class space    used 9251K, committed 10112K, reserved 1048576K
}
Event: 19566.821 GC heap after
{Heap after GC invocations=208 (full 3):
 PSYoungGen      total 12288K, used 320K [0x00000000d5580000, 0x00000000d6300000, 0x0000000100000000)
  eden space 11264K, 0% used [0x00000000d5580000,0x00000000d5580000,0x00000000d6080000)
  from space 1024K, 31% used [0x00000000d6180000,0x00000000d61d0000,0x00000000d6280000)
  to   space 512K, 0% used [0x00000000d6280000,0x00000000d6280000,0x00000000d6300000)
 ParOldGen       total 83968K, used 83609K [0x0000000080000000, 0x0000000085200000, 0x00000000d5580000)
  object space 83968K, 99% used [0x0000000080000000,0x00000000851a6728,0x0000000085200000)
 Metaspace       used 75697K, committed 77504K, reserved 1179648K
  class space    used 9251K, committed 10112K, reserved 1048576K
}
Event: 19568.108 GC heap before
{Heap before GC invocations=209 (full 3):
 PSYoungGen      total 12288K, used 11584K [0x00000000d5580000, 0x00000000d6300000, 0x0000000100000000)
  eden space 11264K, 100% used [0x00000000d5580000,0x00000000d6080000,0x00000000d6080000)
  from space 1024K, 31% used [0x00000000d6180000,0x00000000d61d0000,0x00000000d6280000)
  to   space 512K, 0% used [0x00000000d6280000,0x00000000d6280000,0x00000000d6300000)
 ParOldGen       total 83968K, used 83609K [0x0000000080000000, 0x0000000085200000, 0x00000000d5580000)
  object space 83968K, 99% used [0x0000000080000000,0x00000000851a6728,0x0000000085200000)
 Metaspace       used 75698K, committed 77504K, reserved 1179648K
  class space    used 9251K, committed 10112K, reserved 1048576K
}
Event: 19568.110 GC heap after
{Heap after GC invocations=209 (full 3):
 PSYoungGen      total 11776K, used 320K [0x00000000d5580000, 0x00000000d6300000, 0x0000000100000000)
  eden space 11264K, 0% used [0x00000000d5580000,0x00000000d5580000,0x00000000d6080000)
  from space 512K, 62% used [0x00000000d6280000,0x00000000d62d0000,0x00000000d6300000)
  to   space 512K, 0% used [0x00000000d6200000,0x00000000d6200000,0x00000000d6280000)
 ParOldGen       total 83968K, used 83681K [0x0000000080000000, 0x0000000085200000, 0x00000000d5580000)
  object space 83968K, 99% used [0x0000000080000000,0x00000000851b8728,0x0000000085200000)
 Metaspace       used 75698K, committed 77504K, reserved 1179648K
  class space    used 9251K, committed 10112K, reserved 1048576K
}
Event: 19568.673 GC heap before
{Heap before GC invocations=210 (full 3):
 PSYoungGen      total 11776K, used 11584K [0x00000000d5580000, 0x00000000d6300000, 0x0000000100000000)
  eden space 11264K, 100% used [0x00000000d5580000,0x00000000d6080000,0x00000000d6080000)
  from space 512K, 62% used [0x00000000d6280000,0x00000000d62d0000,0x00000000d6300000)
  to   space 512K, 0% used [0x00000000d6200000,0x00000000d6200000,0x00000000d6280000)
 ParOldGen       total 83968K, used 83681K [0x0000000080000000, 0x0000000085200000, 0x00000000d5580000)
  object space 83968K, 99% used [0x0000000080000000,0x00000000851b8728,0x0000000085200000)
 Metaspace       used 75698K, committed 77504K, reserved 1179648K
  class space    used 9251K, committed 10112K, reserved 1048576K
}
Event: 19568.676 GC heap after
{Heap after GC invocations=210 (full 3):
 PSYoungGen      total 11776K, used 288K [0x00000000d5580000, 0x00000000d6300000, 0x0000000100000000)
  eden space 11264K, 0% used [0x00000000d5580000,0x00000000d5580000,0x00000000d6080000)
  from space 512K, 56% used [0x00000000d6200000,0x00000000d6248000,0x00000000d6280000)
  to   space 512K, 0% used [0x00000000d6280000,0x00000000d6280000,0x00000000d6300000)
 ParOldGen       total 83968K, used 83769K [0x0000000080000000, 0x0000000085200000, 0x00000000d5580000)
  object space 83968K, 99% used [0x0000000080000000,0x00000000851ce728,0x0000000085200000)
 Metaspace       used 75698K, committed 77504K, reserved 1179648K
  class space    used 9251K, committed 10112K, reserved 1048576K
}
Event: 19569.738 GC heap before
{Heap before GC invocations=211 (full 3):
 PSYoungGen      total 11776K, used 11552K [0x00000000d5580000, 0x00000000d6300000, 0x0000000100000000)
  eden space 11264K, 100% used [0x00000000d5580000,0x00000000d6080000,0x00000000d6080000)
  from space 512K, 56% used [0x00000000d6200000,0x00000000d6248000,0x00000000d6280000)
  to   space 512K, 0% used [0x00000000d6280000,0x00000000d6280000,0x00000000d6300000)
 ParOldGen       total 83968K, used 83769K [0x0000000080000000, 0x0000000085200000, 0x00000000d5580000)
  object space 83968K, 99% used [0x0000000080000000,0x00000000851ce728,0x0000000085200000)
 Metaspace       used 75698K, committed 77504K, reserved 1179648K
  class space    used 9251K, committed 10112K, reserved 1048576K
}
Event: 19569.743 GC heap after
{Heap after GC invocations=211 (full 3):
 PSYoungGen      total 11776K, used 288K [0x00000000d5580000, 0x00000000d6300000, 0x0000000100000000)
  eden space 11264K, 0% used [0x00000000d5580000,0x00000000d5580000,0x00000000d6080000)
  from space 512K, 56% used [0x00000000d6280000,0x00000000d62c8000,0x00000000d6300000)
  to   space 512K, 0% used [0x00000000d6200000,0x00000000d6200000,0x00000000d6280000)
 ParOldGen       total 83968K, used 83817K [0x0000000080000000, 0x0000000085200000, 0x00000000d5580000)
  object space 83968K, 99% used [0x0000000080000000,0x00000000851da728,0x0000000085200000)
 Metaspace       used 75698K, committed 77504K, reserved 1179648K
  class space    used 9251K, committed 10112K, reserved 1048576K
}
Event: 19677.234 GC heap before
{Heap before GC invocations=212 (full 3):
 PSYoungGen      total 11776K, used 11552K [0x00000000d5580000, 0x00000000d6300000, 0x0000000100000000)
  eden space 11264K, 100% used [0x00000000d5580000,0x00000000d6080000,0x00000000d6080000)
  from space 512K, 56% used [0x00000000d6280000,0x00000000d62c8000,0x00000000d6300000)
  to   space 512K, 0% used [0x00000000d6200000,0x00000000d6200000,0x00000000d6280000)
 ParOldGen       total 83968K, used 83817K [0x0000000080000000, 0x0000000085200000, 0x00000000d5580000)
  object space 83968K, 99% used [0x0000000080000000,0x00000000851da728,0x0000000085200000)
 Metaspace       used 75712K, committed 77504K, reserved 1179648K
  class space    used 9251K, committed 10112K, reserved 1048576K
}
Event: 19677.285 GC heap after
{Heap after GC invocations=212 (full 3):
 PSYoungGen      total 11776K, used 288K [0x00000000d5580000, 0x00000000d6300000, 0x0000000100000000)
  eden space 11264K, 0% used [0x00000000d5580000,0x00000000d5580000,0x00000000d6080000)
  from space 512K, 56% used [0x00000000d6200000,0x00000000d6248000,0x00000000d6280000)
  to   space 512K, 0% used [0x00000000d6280000,0x00000000d6280000,0x00000000d6300000)
 ParOldGen       total 83968K, used 83897K [0x0000000080000000, 0x0000000085200000, 0x00000000d5580000)
  object space 83968K, 99% used [0x0000000080000000,0x00000000851ee728,0x0000000085200000)
 Metaspace       used 75712K, committed 77504K, reserved 1179648K
  class space    used 9251K, committed 10112K, reserved 1048576K
}

